{"/Users/wangyingxu/Desktop/duke/651project/prev version/risk-team4-front-end/src/App.js": {"path":"/Users/wangyingxu/Desktop/duke/651project/prev version/risk-team4-front-end/src/App.js","statementMap":{"0":{"start":{"line":11,"column":2},"end":{"line":24,"column":3}}},"fnMap":{"0":{"name":"App","decl":{"start":{"line":10,"column":9},"end":{"line":10,"column":12}},"loc":{"start":{"line":10,"column":15},"end":{"line":25,"column":1}},"line":10}},"branchMap":{},"s":{"0":1},"f":{"0":1},"b":{},"_coverageSchema":"1a1c01bbd47fc00a2c39e90264f33305004495a9","hash":"48ad969ca9f14d94d1fe5245d952e40cf811c2e4"}
,"/Users/wangyingxu/Desktop/duke/651project/prev version/risk-team4-front-end/src/index.js": {"path":"/Users/wangyingxu/Desktop/duke/651project/prev version/risk-team4-front-end/src/index.js","statementMap":{"0":{"start":{"line":6,"column":13},"end":{"line":6,"column":65}},"1":{"start":{"line":7,"column":0},"end":{"line":9,"column":2}}},"fnMap":{},"branchMap":{},"s":{"0":0,"1":0},"f":{},"b":{}}
,"/Users/wangyingxu/Desktop/duke/651project/prev version/risk-team4-front-end/src/components/GameBoard.js": {"path":"/Users/wangyingxu/Desktop/duke/651project/prev version/risk-team4-front-end/src/components/GameBoard.js","statementMap":{"0":{"start":{"line":8,"column":20},"end":{"line":18,"column":3}},"1":{"start":{"line":9,"column":2},"end":{"line":9,"column":56}},"2":{"start":{"line":10,"column":19},"end":{"line":18,"column":1}},"3":{"start":{"line":20,"column":18},"end":{"line":96,"column":1}},"4":{"start":{"line":21,"column":40},"end":{"line":21,"column":52}},"5":{"start":{"line":22,"column":28},"end":{"line":22,"column":40}},"6":{"start":{"line":23,"column":38},"end":{"line":23,"column":50}},"7":{"start":{"line":25,"column":2},"end":{"line":34,"column":25}},"8":{"start":{"line":26,"column":4},"end":{"line":26,"column":38}},"9":{"start":{"line":27,"column":27},"end":{"line":27,"column":29}},"10":{"start":{"line":28,"column":4},"end":{"line":32,"column":5}},"11":{"start":{"line":28,"column":21},"end":{"line":28,"column":22}},"12":{"start":{"line":29,"column":6},"end":{"line":31,"column":7}},"13":{"start":{"line":30,"column":8},"end":{"line":30,"column":68}},"14":{"start":{"line":33,"column":4},"end":{"line":33,"column":34}},"15":{"start":{"line":36,"column":2},"end":{"line":38,"column":19}},"16":{"start":{"line":37,"column":4},"end":{"line":37,"column":26}},"17":{"start":{"line":41,"column":28},"end":{"line":48,"column":3}},"18":{"start":{"line":42,"column":4},"end":{"line":46,"column":5}},"19":{"start":{"line":42,"column":19},"end":{"line":42,"column":20}},"20":{"start":{"line":43,"column":6},"end":{"line":45,"column":7}},"21":{"start":{"line":44,"column":8},"end":{"line":44,"column":20}},"22":{"start":{"line":47,"column":4},"end":{"line":47,"column":17}},"23":{"start":{"line":50,"column":2},"end":{"line":94,"column":4}},"24":{"start":{"line":53,"column":8},"end":{"line":59,"column":9}},"25":{"start":{"line":54,"column":10},"end":{"line":58,"column":19}},"26":{"start":{"line":60,"column":8},"end":{"line":60,"column":40}},"27":{"start":{"line":64,"column":8},"end":{"line":89,"column":9}},"28":{"start":{"line":65,"column":10},"end":{"line":88,"column":11}},"29":{"start":{"line":77,"column":20},"end":{"line":77,"column":131}},"30":{"start":{"line":90,"column":8},"end":{"line":90,"column":45}}},"fnMap":{"0":{"name":"(anonymous_0)","decl":{"start":{"line":8,"column":27},"end":{"line":8,"column":28}},"loc":{"start":{"line":9,"column":2},"end":{"line":9,"column":56}},"line":9},"1":{"name":"(anonymous_1)","decl":{"start":{"line":10,"column":3},"end":{"line":10,"column":4}},"loc":{"start":{"line":10,"column":19},"end":{"line":18,"column":1}},"line":10},"2":{"name":"(anonymous_2)","decl":{"start":{"line":20,"column":18},"end":{"line":20,"column":19}},"loc":{"start":{"line":20,"column":29},"end":{"line":96,"column":1}},"line":20},"3":{"name":"(anonymous_3)","decl":{"start":{"line":25,"column":18},"end":{"line":25,"column":19}},"loc":{"start":{"line":25,"column":24},"end":{"line":34,"column":3}},"line":25},"4":{"name":"(anonymous_4)","decl":{"start":{"line":36,"column":18},"end":{"line":36,"column":19}},"loc":{"start":{"line":36,"column":24},"end":{"line":38,"column":3}},"line":36},"5":{"name":"(anonymous_5)","decl":{"start":{"line":41,"column":28},"end":{"line":41,"column":29}},"loc":{"start":{"line":41,"column":46},"end":{"line":48,"column":3}},"line":41},"6":{"name":"(anonymous_6)","decl":{"start":{"line":52,"column":17},"end":{"line":52,"column":18}},"loc":{"start":{"line":52,"column":36},"end":{"line":62,"column":7}},"line":52},"7":{"name":"(anonymous_7)","decl":{"start":{"line":63,"column":23},"end":{"line":63,"column":24}},"loc":{"start":{"line":63,"column":52},"end":{"line":92,"column":7}},"line":63},"8":{"name":"(anonymous_8)","decl":{"start":{"line":76,"column":39},"end":{"line":76,"column":40}},"loc":{"start":{"line":76,"column":62},"end":{"line":78,"column":19}},"line":76}},"branchMap":{"0":{"loc":{"start":{"line":29,"column":6},"end":{"line":31,"column":7}},"type":"if","locations":[{"start":{"line":29,"column":6},"end":{"line":31,"column":7}},{"start":{},"end":{}}],"line":29},"1":{"loc":{"start":{"line":43,"column":6},"end":{"line":45,"column":7}},"type":"if","locations":[{"start":{"line":43,"column":6},"end":{"line":45,"column":7}},{"start":{},"end":{}}],"line":43},"2":{"loc":{"start":{"line":53,"column":8},"end":{"line":59,"column":9}},"type":"if","locations":[{"start":{"line":53,"column":8},"end":{"line":59,"column":9}},{"start":{},"end":{}}],"line":53},"3":{"loc":{"start":{"line":53,"column":12},"end":{"line":53,"column":74}},"type":"binary-expr","locations":[{"start":{"line":53,"column":12},"end":{"line":53,"column":42}},{"start":{"line":53,"column":46},"end":{"line":53,"column":74}}],"line":53},"4":{"loc":{"start":{"line":64,"column":8},"end":{"line":89,"column":9}},"type":"if","locations":[{"start":{"line":64,"column":8},"end":{"line":89,"column":9}},{"start":{},"end":{}}],"line":64},"5":{"loc":{"start":{"line":73,"column":19},"end":{"line":73,"column":89}},"type":"binary-expr","locations":[{"start":{"line":73,"column":19},"end":{"line":73,"column":45}},{"start":{"line":73,"column":49},"end":{"line":73,"column":89}}],"line":73},"6":{"loc":{"start":{"line":85,"column":17},"end":{"line":85,"column":134}},"type":"binary-expr","locations":[{"start":{"line":85,"column":17},"end":{"line":85,"column":39}},{"start":{"line":85,"column":43},"end":{"line":85,"column":134}}],"line":85}},"s":{"0":1,"1":0,"2":0,"3":1,"4":0,"5":0,"6":0,"7":0,"8":0,"9":0,"10":0,"11":0,"12":0,"13":0,"14":0,"15":0,"16":0,"17":0,"18":0,"19":0,"20":0,"21":0,"22":0,"23":0,"24":0,"25":0,"26":0,"27":0,"28":0,"29":0,"30":0},"f":{"0":0,"1":0,"2":0,"3":0,"4":0,"5":0,"6":0,"7":0,"8":0},"b":{"0":[0,0],"1":[0,0],"2":[0,0],"3":[0,0],"4":[0,0],"5":[0,0],"6":[0,0]},"_coverageSchema":"1a1c01bbd47fc00a2c39e90264f33305004495a9","hash":"34e4e72de945628ac47a1e4add94d21b5866c4e4"}
,"/Users/wangyingxu/Desktop/duke/651project/prev version/risk-team4-front-end/src/pages/game/Game.js": {"path":"/Users/wangyingxu/Desktop/duke/651project/prev version/risk-team4-front-end/src/pages/game/Game.js","statementMap":{"0":{"start":{"line":12,"column":16},"end":{"line":14,"column":2}},"1":{"start":{"line":16,"column":14},"end":{"line":398,"column":1}},"2":{"start":{"line":400,"column":18},"end":{"line":425,"column":1}},"3":{"start":{"line":427,"column":22},"end":{"line":500,"column":1}},"4":{"start":{"line":502,"column":21},"end":{"line":509,"column":1}},"5":{"start":{"line":511,"column":24},"end":{"line":519,"column":1}},"6":{"start":{"line":521,"column":26},"end":{"line":521,"column":48}},"7":{"start":{"line":523,"column":20},"end":{"line":523,"column":42}},"8":{"start":{"line":525,"column":24},"end":{"line":529,"column":1}},"9":{"start":{"line":531,"column":13},"end":{"line":1949,"column":1}},"10":{"start":{"line":532,"column":36},"end":{"line":532,"column":47}},"11":{"start":{"line":533,"column":32},"end":{"line":533,"column":43}},"12":{"start":{"line":534,"column":36},"end":{"line":534,"column":55}},"13":{"start":{"line":535,"column":40},"end":{"line":535,"column":56}},"14":{"start":{"line":536,"column":32},"end":{"line":536,"column":43}},"15":{"start":{"line":537,"column":38},"end":{"line":537,"column":49}},"16":{"start":{"line":538,"column":38},"end":{"line":538,"column":49}},"17":{"start":{"line":539,"column":38},"end":{"line":539,"column":49}},"18":{"start":{"line":540,"column":38},"end":{"line":540,"column":51}},"19":{"start":{"line":541,"column":38},"end":{"line":541,"column":51}},"20":{"start":{"line":542,"column":46},"end":{"line":542,"column":58}},"21":{"start":{"line":543,"column":46},"end":{"line":543,"column":58}},"22":{"start":{"line":544,"column":46},"end":{"line":565,"column":5}},"23":{"start":{"line":566,"column":48},"end":{"line":573,"column":5}},"24":{"start":{"line":574,"column":42},"end":{"line":867,"column":6}},"25":{"start":{"line":868,"column":27},"end":{"line":868,"column":52}},"26":{"start":{"line":869,"column":40},"end":{"line":887,"column":5}},"27":{"start":{"line":888,"column":42},"end":{"line":888,"column":57}},"28":{"start":{"line":889,"column":40},"end":{"line":889,"column":71}},"29":{"start":{"line":890,"column":48},"end":{"line":890,"column":60}},"30":{"start":{"line":891,"column":44},"end":{"line":891,"column":56}},"31":{"start":{"line":892,"column":50},"end":{"line":892,"column":62}},"32":{"start":{"line":893,"column":46},"end":{"line":893,"column":61}},"33":{"start":{"line":894,"column":52},"end":{"line":894,"column":64}},"34":{"start":{"line":895,"column":48},"end":{"line":895,"column":60}},"35":{"start":{"line":896,"column":50},"end":{"line":896,"column":65}},"36":{"start":{"line":897,"column":60},"end":{"line":897,"column":75}},"37":{"start":{"line":898,"column":54},"end":{"line":898,"column":69}},"38":{"start":{"line":899,"column":57},"end":{"line":899,"column":72}},"39":{"start":{"line":900,"column":48},"end":{"line":900,"column":63}},"40":{"start":{"line":901,"column":42},"end":{"line":901,"column":54}},"41":{"start":{"line":902,"column":54},"end":{"line":902,"column":65}},"42":{"start":{"line":903,"column":58},"end":{"line":903,"column":73}},"43":{"start":{"line":904,"column":42},"end":{"line":904,"column":96}},"44":{"start":{"line":905,"column":54},"end":{"line":905,"column":69}},"45":{"start":{"line":906,"column":46},"end":{"line":906,"column":61}},"46":{"start":{"line":907,"column":40},"end":{"line":907,"column":59}},"47":{"start":{"line":908,"column":34},"end":{"line":908,"column":49}},"48":{"start":{"line":909,"column":40},"end":{"line":909,"column":51}},"49":{"start":{"line":910,"column":54},"end":{"line":910,"column":69}},"50":{"start":{"line":911,"column":48},"end":{"line":911,"column":63}},"51":{"start":{"line":912,"column":44},"end":{"line":912,"column":59}},"52":{"start":{"line":913,"column":42},"end":{"line":913,"column":54}},"53":{"start":{"line":914,"column":34},"end":{"line":914,"column":52}},"54":{"start":{"line":915,"column":44},"end":{"line":915,"column":59}},"55":{"start":{"line":916,"column":58},"end":{"line":916,"column":74}},"56":{"start":{"line":917,"column":42},"end":{"line":917,"column":54}},"57":{"start":{"line":918,"column":40},"end":{"line":918,"column":51}},"58":{"start":{"line":919,"column":46},"end":{"line":919,"column":58}},"59":{"start":{"line":920,"column":33},"end":{"line":920,"column":63}},"60":{"start":{"line":921,"column":21},"end":{"line":921,"column":34}},"61":{"start":{"line":922,"column":21},"end":{"line":922,"column":34}},"62":{"start":{"line":923,"column":43},"end":{"line":923,"column":63}},"63":{"start":{"line":925,"column":25},"end":{"line":930,"column":5}},"64":{"start":{"line":926,"column":15},"end":{"line":928,"column":9}},"65":{"start":{"line":932,"column":29},"end":{"line":941,"column":5}},"66":{"start":{"line":933,"column":8},"end":{"line":940,"column":11}},"67":{"start":{"line":935,"column":50},"end":{"line":935,"column":105}},"68":{"start":{"line":943,"column":30},"end":{"line":952,"column":5}},"69":{"start":{"line":944,"column":8},"end":{"line":951,"column":11}},"70":{"start":{"line":954,"column":4},"end":{"line":1043,"column":24}},"71":{"start":{"line":955,"column":8},"end":{"line":955,"column":40}},"72":{"start":{"line":956,"column":8},"end":{"line":956,"column":45}},"73":{"start":{"line":957,"column":8},"end":{"line":957,"column":45}},"74":{"start":{"line":958,"column":8},"end":{"line":958,"column":44}},"75":{"start":{"line":961,"column":23},"end":{"line":961,"column":93}},"76":{"start":{"line":962,"column":8},"end":{"line":1041,"column":14}},"77":{"start":{"line":965,"column":36},"end":{"line":965,"column":56}},"78":{"start":{"line":966,"column":16},"end":{"line":970,"column":17}},"79":{"start":{"line":967,"column":20},"end":{"line":967,"column":58}},"80":{"start":{"line":968,"column":20},"end":{"line":968,"column":43}},"81":{"start":{"line":969,"column":20},"end":{"line":969,"column":27}},"82":{"start":{"line":971,"column":16},"end":{"line":971,"column":54}},"83":{"start":{"line":972,"column":16},"end":{"line":972,"column":46}},"84":{"start":{"line":973,"column":16},"end":{"line":973,"column":50}},"85":{"start":{"line":974,"column":16},"end":{"line":974,"column":49}},"86":{"start":{"line":975,"column":16},"end":{"line":975,"column":88}},"87":{"start":{"line":976,"column":16},"end":{"line":976,"column":52}},"88":{"start":{"line":977,"column":16},"end":{"line":977,"column":64}},"89":{"start":{"line":978,"column":16},"end":{"line":978,"column":52}},"90":{"start":{"line":979,"column":16},"end":{"line":979,"column":52}},"91":{"start":{"line":980,"column":16},"end":{"line":980,"column":54}},"92":{"start":{"line":981,"column":16},"end":{"line":981,"column":54}},"93":{"start":{"line":982,"column":16},"end":{"line":982,"column":51}},"94":{"start":{"line":983,"column":16},"end":{"line":983,"column":63}},"95":{"start":{"line":985,"column":32},"end":{"line":985,"column":34}},"96":{"start":{"line":986,"column":16},"end":{"line":988,"column":17}},"97":{"start":{"line":986,"column":33},"end":{"line":986,"column":34}},"98":{"start":{"line":987,"column":20},"end":{"line":987,"column":79}},"99":{"start":{"line":989,"column":16},"end":{"line":989,"column":39}},"100":{"start":{"line":990,"column":16},"end":{"line":990,"column":103}},"101":{"start":{"line":991,"column":16},"end":{"line":991,"column":80}},"102":{"start":{"line":992,"column":16},"end":{"line":992,"column":78}},"103":{"start":{"line":993,"column":16},"end":{"line":993,"column":91}},"104":{"start":{"line":994,"column":16},"end":{"line":994,"column":82}},"105":{"start":{"line":995,"column":16},"end":{"line":995,"column":80}},"106":{"start":{"line":996,"column":16},"end":{"line":996,"column":77}},"107":{"start":{"line":997,"column":16},"end":{"line":997,"column":77}},"108":{"start":{"line":998,"column":16},"end":{"line":998,"column":77}},"109":{"start":{"line":1001,"column":44},"end":{"line":1001,"column":75}},"110":{"start":{"line":1002,"column":39},"end":{"line":1002,"column":66}},"111":{"start":{"line":1003,"column":16},"end":{"line":1008,"column":17}},"112":{"start":{"line":1003,"column":33},"end":{"line":1003,"column":34}},"113":{"start":{"line":1004,"column":20},"end":{"line":1004,"column":127}},"114":{"start":{"line":1005,"column":20},"end":{"line":1005,"column":115}},"115":{"start":{"line":1006,"column":20},"end":{"line":1006,"column":115}},"116":{"start":{"line":1007,"column":20},"end":{"line":1007,"column":113}},"117":{"start":{"line":1009,"column":16},"end":{"line":1009,"column":47}},"118":{"start":{"line":1012,"column":41},"end":{"line":1012,"column":80}},"119":{"start":{"line":1013,"column":38},"end":{"line":1013,"column":40}},"120":{"start":{"line":1014,"column":16},"end":{"line":1017,"column":17}},"121":{"start":{"line":1014,"column":37},"end":{"line":1014,"column":38}},"122":{"start":{"line":1015,"column":42},"end":{"line":1015,"column":256}},"123":{"start":{"line":1016,"column":20},"end":{"line":1016,"column":54}},"124":{"start":{"line":1018,"column":16},"end":{"line":1018,"column":48}},"125":{"start":{"line":1021,"column":16},"end":{"line":1036,"column":17}},"126":{"start":{"line":1022,"column":20},"end":{"line":1022,"column":37}},"127":{"start":{"line":1023,"column":39},"end":{"line":1023,"column":104}},"128":{"start":{"line":1024,"column":35},"end":{"line":1035,"column":28}},"129":{"start":{"line":1025,"column":24},"end":{"line":1034,"column":30}},"130":{"start":{"line":1027,"column":32},"end":{"line":1030,"column":33}},"131":{"start":{"line":1028,"column":36},"end":{"line":1028,"column":60}},"132":{"start":{"line":1029,"column":36},"end":{"line":1029,"column":65}},"133":{"start":{"line":1033,"column":32},"end":{"line":1033,"column":43}},"134":{"start":{"line":1040,"column":16},"end":{"line":1040,"column":39}},"135":{"start":{"line":1045,"column":23},"end":{"line":1051,"column":5}},"136":{"start":{"line":1046,"column":18},"end":{"line":1046,"column":19}},"137":{"start":{"line":1047,"column":8},"end":{"line":1049,"column":9}},"138":{"start":{"line":1047,"column":25},"end":{"line":1047,"column":33}},"139":{"start":{"line":1048,"column":12},"end":{"line":1048,"column":38}},"140":{"start":{"line":1050,"column":8},"end":{"line":1050,"column":19}},"141":{"start":{"line":1053,"column":4},"end":{"line":1061,"column":21}},"142":{"start":{"line":1054,"column":18},"end":{"line":1054,"column":19}},"143":{"start":{"line":1055,"column":8},"end":{"line":1059,"column":9}},"144":{"start":{"line":1055,"column":25},"end":{"line":1055,"column":26}},"145":{"start":{"line":1056,"column":12},"end":{"line":1058,"column":13}},"146":{"start":{"line":1057,"column":16},"end":{"line":1057,"column":117}},"147":{"start":{"line":1060,"column":8},"end":{"line":1060,"column":27}},"148":{"start":{"line":1063,"column":29},"end":{"line":1065,"column":5}},"149":{"start":{"line":1064,"column":8},"end":{"line":1064,"column":77}},"150":{"start":{"line":1067,"column":25},"end":{"line":1069,"column":5}},"151":{"start":{"line":1068,"column":8},"end":{"line":1068,"column":22}},"152":{"start":{"line":1071,"column":30},"end":{"line":1074,"column":5}},"153":{"start":{"line":1072,"column":8},"end":{"line":1072,"column":36}},"154":{"start":{"line":1073,"column":8},"end":{"line":1073,"column":37}},"155":{"start":{"line":1076,"column":27},"end":{"line":1085,"column":5}},"156":{"start":{"line":1078,"column":8},"end":{"line":1080,"column":9}},"157":{"start":{"line":1079,"column":12},"end":{"line":1079,"column":43}},"158":{"start":{"line":1081,"column":26},"end":{"line":1081,"column":45}},"159":{"start":{"line":1082,"column":8},"end":{"line":1082,"column":47}},"160":{"start":{"line":1083,"column":8},"end":{"line":1083,"column":37}},"161":{"start":{"line":1084,"column":8},"end":{"line":1084,"column":38}},"162":{"start":{"line":1087,"column":31},"end":{"line":1089,"column":5}},"163":{"start":{"line":1088,"column":8},"end":{"line":1088,"column":38}},"164":{"start":{"line":1091,"column":28},"end":{"line":1094,"column":5}},"165":{"start":{"line":1092,"column":8},"end":{"line":1092,"column":45}},"166":{"start":{"line":1093,"column":8},"end":{"line":1093,"column":29}},"167":{"start":{"line":1096,"column":30},"end":{"line":1099,"column":5}},"168":{"start":{"line":1097,"column":8},"end":{"line":1097,"column":45}},"169":{"start":{"line":1098,"column":8},"end":{"line":1098,"column":31}},"170":{"start":{"line":1101,"column":25},"end":{"line":1118,"column":5}},"171":{"start":{"line":1102,"column":26},"end":{"line":1102,"column":45}},"172":{"start":{"line":1103,"column":25},"end":{"line":1103,"column":97}},"173":{"start":{"line":1104,"column":26},"end":{"line":1104,"column":27}},"174":{"start":{"line":1105,"column":8},"end":{"line":1111,"column":9}},"175":{"start":{"line":1105,"column":25},"end":{"line":1105,"column":26}},"176":{"start":{"line":1106,"column":12},"end":{"line":1110,"column":13}},"177":{"start":{"line":1107,"column":16},"end":{"line":1107,"column":30}},"178":{"start":{"line":1108,"column":34},"end":{"line":1108,"column":78}},"179":{"start":{"line":1109,"column":16},"end":{"line":1109,"column":46}},"180":{"start":{"line":1113,"column":8},"end":{"line":1116,"column":9}},"181":{"start":{"line":1114,"column":12},"end":{"line":1114,"column":37}},"182":{"start":{"line":1115,"column":12},"end":{"line":1115,"column":41}},"183":{"start":{"line":1117,"column":8},"end":{"line":1117,"column":30}},"184":{"start":{"line":1120,"column":29},"end":{"line":1122,"column":5}},"185":{"start":{"line":1121,"column":8},"end":{"line":1121,"column":30}},"186":{"start":{"line":1124,"column":33},"end":{"line":1126,"column":5}},"187":{"start":{"line":1125,"column":8},"end":{"line":1125,"column":33}},"188":{"start":{"line":1128,"column":36},"end":{"line":1132,"column":5}},"189":{"start":{"line":1129,"column":8},"end":{"line":1129,"column":33}},"190":{"start":{"line":1130,"column":8},"end":{"line":1130,"column":60}},"191":{"start":{"line":1131,"column":8},"end":{"line":1131,"column":48}},"192":{"start":{"line":1134,"column":34},"end":{"line":1136,"column":5}},"193":{"start":{"line":1135,"column":8},"end":{"line":1135,"column":34}},"194":{"start":{"line":1138,"column":31},"end":{"line":1140,"column":5}},"195":{"start":{"line":1139,"column":8},"end":{"line":1139,"column":31}},"196":{"start":{"line":1142,"column":25},"end":{"line":1146,"column":5}},"197":{"start":{"line":1142,"column":32},"end":{"line":1146,"column":5}},"198":{"start":{"line":1143,"column":27},"end":{"line":1143,"column":42}},"199":{"start":{"line":1144,"column":8},"end":{"line":1144,"column":32}},"200":{"start":{"line":1145,"column":8},"end":{"line":1145,"column":34}},"201":{"start":{"line":1148,"column":27},"end":{"line":1165,"column":5}},"202":{"start":{"line":1149,"column":26},"end":{"line":1149,"column":45}},"203":{"start":{"line":1150,"column":25},"end":{"line":1150,"column":103}},"204":{"start":{"line":1151,"column":26},"end":{"line":1151,"column":27}},"205":{"start":{"line":1152,"column":8},"end":{"line":1158,"column":9}},"206":{"start":{"line":1152,"column":25},"end":{"line":1152,"column":26}},"207":{"start":{"line":1153,"column":12},"end":{"line":1157,"column":13}},"208":{"start":{"line":1154,"column":16},"end":{"line":1154,"column":30}},"209":{"start":{"line":1155,"column":34},"end":{"line":1155,"column":78}},"210":{"start":{"line":1156,"column":16},"end":{"line":1156,"column":46}},"211":{"start":{"line":1160,"column":8},"end":{"line":1163,"column":9}},"212":{"start":{"line":1161,"column":12},"end":{"line":1161,"column":37}},"213":{"start":{"line":1162,"column":12},"end":{"line":1162,"column":41}},"214":{"start":{"line":1164,"column":8},"end":{"line":1164,"column":32}},"215":{"start":{"line":1167,"column":31},"end":{"line":1169,"column":5}},"216":{"start":{"line":1168,"column":8},"end":{"line":1168,"column":32}},"217":{"start":{"line":1171,"column":35},"end":{"line":1173,"column":5}},"218":{"start":{"line":1172,"column":8},"end":{"line":1172,"column":35}},"219":{"start":{"line":1175,"column":30},"end":{"line":1177,"column":5}},"220":{"start":{"line":1176,"column":8},"end":{"line":1176,"column":30}},"221":{"start":{"line":1179,"column":33},"end":{"line":1181,"column":5}},"222":{"start":{"line":1180,"column":8},"end":{"line":1180,"column":33}},"223":{"start":{"line":1183,"column":32},"end":{"line":1190,"column":5}},"224":{"start":{"line":1184,"column":8},"end":{"line":1188,"column":9}},"225":{"start":{"line":1185,"column":12},"end":{"line":1185,"column":37}},"226":{"start":{"line":1187,"column":12},"end":{"line":1187,"column":40}},"227":{"start":{"line":1192,"column":29},"end":{"line":1199,"column":5}},"228":{"start":{"line":1193,"column":26},"end":{"line":1193,"column":45}},"229":{"start":{"line":1194,"column":25},"end":{"line":1194,"column":57}},"230":{"start":{"line":1195,"column":8},"end":{"line":1195,"column":33}},"231":{"start":{"line":1196,"column":8},"end":{"line":1196,"column":37}},"232":{"start":{"line":1197,"column":8},"end":{"line":1197,"column":38}},"233":{"start":{"line":1198,"column":8},"end":{"line":1198,"column":34}},"234":{"start":{"line":1201,"column":33},"end":{"line":1203,"column":5}},"235":{"start":{"line":1202,"column":8},"end":{"line":1202,"column":34}},"236":{"start":{"line":1205,"column":33},"end":{"line":1208,"column":5}},"237":{"start":{"line":1206,"column":8},"end":{"line":1206,"column":38}},"238":{"start":{"line":1207,"column":8},"end":{"line":1207,"column":37}},"239":{"start":{"line":1210,"column":37},"end":{"line":1213,"column":5}},"240":{"start":{"line":1211,"column":8},"end":{"line":1211,"column":38}},"241":{"start":{"line":1212,"column":8},"end":{"line":1212,"column":37}},"242":{"start":{"line":1215,"column":31},"end":{"line":1219,"column":5}},"243":{"start":{"line":1216,"column":8},"end":{"line":1216,"column":45}},"244":{"start":{"line":1217,"column":8},"end":{"line":1217,"column":25}},"245":{"start":{"line":1218,"column":8},"end":{"line":1218,"column":32}},"246":{"start":{"line":1221,"column":28},"end":{"line":1239,"column":5}},"247":{"start":{"line":1222,"column":26},"end":{"line":1222,"column":45}},"248":{"start":{"line":1223,"column":25},"end":{"line":1223,"column":76}},"249":{"start":{"line":1224,"column":26},"end":{"line":1224,"column":27}},"250":{"start":{"line":1225,"column":8},"end":{"line":1231,"column":9}},"251":{"start":{"line":1225,"column":25},"end":{"line":1225,"column":26}},"252":{"start":{"line":1226,"column":12},"end":{"line":1230,"column":13}},"253":{"start":{"line":1227,"column":16},"end":{"line":1227,"column":30}},"254":{"start":{"line":1228,"column":34},"end":{"line":1228,"column":149}},"255":{"start":{"line":1229,"column":16},"end":{"line":1229,"column":46}},"256":{"start":{"line":1233,"column":8},"end":{"line":1236,"column":9}},"257":{"start":{"line":1234,"column":12},"end":{"line":1234,"column":37}},"258":{"start":{"line":1235,"column":12},"end":{"line":1235,"column":41}},"259":{"start":{"line":1237,"column":8},"end":{"line":1237,"column":69}},"260":{"start":{"line":1238,"column":8},"end":{"line":1238,"column":33}},"261":{"start":{"line":1241,"column":32},"end":{"line":1244,"column":5}},"262":{"start":{"line":1242,"column":8},"end":{"line":1242,"column":69}},"263":{"start":{"line":1243,"column":8},"end":{"line":1243,"column":33}},"264":{"start":{"line":1246,"column":36},"end":{"line":1248,"column":5}},"265":{"start":{"line":1247,"column":8},"end":{"line":1247,"column":30}},"266":{"start":{"line":1250,"column":33},"end":{"line":1256,"column":5}},"267":{"start":{"line":1250,"column":40},"end":{"line":1256,"column":5}},"268":{"start":{"line":1251,"column":31},"end":{"line":1251,"column":47}},"269":{"start":{"line":1252,"column":28},"end":{"line":1252,"column":43}},"270":{"start":{"line":1253,"column":8},"end":{"line":1253,"column":51}},"271":{"start":{"line":1254,"column":8},"end":{"line":1254,"column":39}},"272":{"start":{"line":1258,"column":33},"end":{"line":1263,"column":5}},"273":{"start":{"line":1258,"column":40},"end":{"line":1263,"column":5}},"274":{"start":{"line":1259,"column":31},"end":{"line":1259,"column":47}},"275":{"start":{"line":1260,"column":28},"end":{"line":1260,"column":43}},"276":{"start":{"line":1261,"column":8},"end":{"line":1261,"column":51}},"277":{"start":{"line":1262,"column":8},"end":{"line":1262,"column":39}},"278":{"start":{"line":1265,"column":31},"end":{"line":1274,"column":5}},"279":{"start":{"line":1265,"column":38},"end":{"line":1274,"column":5}},"280":{"start":{"line":1268,"column":8},"end":{"line":1270,"column":9}},"281":{"start":{"line":1269,"column":12},"end":{"line":1269,"column":22}},"282":{"start":{"line":1271,"column":31},"end":{"line":1271,"column":47}},"283":{"start":{"line":1272,"column":8},"end":{"line":1272,"column":40}},"284":{"start":{"line":1273,"column":8},"end":{"line":1273,"column":39}},"285":{"start":{"line":1276,"column":35},"end":{"line":1279,"column":5}},"286":{"start":{"line":1277,"column":31},"end":{"line":1277,"column":91}},"287":{"start":{"line":1278,"column":8},"end":{"line":1278,"column":39}},"288":{"start":{"line":1281,"column":31},"end":{"line":1365,"column":5}},"289":{"start":{"line":1283,"column":8},"end":{"line":1286,"column":9}},"290":{"start":{"line":1284,"column":12},"end":{"line":1284,"column":34}},"291":{"start":{"line":1285,"column":12},"end":{"line":1285,"column":19}},"292":{"start":{"line":1289,"column":8},"end":{"line":1300,"column":9}},"293":{"start":{"line":1301,"column":8},"end":{"line":1301,"column":35}},"294":{"start":{"line":1302,"column":8},"end":{"line":1334,"column":9}},"295":{"start":{"line":1302,"column":25},"end":{"line":1302,"column":26}},"296":{"start":{"line":1303,"column":12},"end":{"line":1333,"column":13}},"297":{"start":{"line":1305,"column":38},"end":{"line":1305,"column":150}},"298":{"start":{"line":1306,"column":20},"end":{"line":1306,"column":55}},"299":{"start":{"line":1307,"column":20},"end":{"line":1307,"column":26}},"300":{"start":{"line":1309,"column":40},"end":{"line":1309,"column":152}},"301":{"start":{"line":1310,"column":20},"end":{"line":1310,"column":59}},"302":{"start":{"line":1311,"column":20},"end":{"line":1311,"column":26}},"303":{"start":{"line":1313,"column":20},"end":{"line":1313,"column":50}},"304":{"start":{"line":1314,"column":20},"end":{"line":1314,"column":26}},"305":{"start":{"line":1316,"column":20},"end":{"line":1319,"column":21}},"306":{"start":{"line":1316,"column":42},"end":{"line":1316,"column":43}},"307":{"start":{"line":1317,"column":45},"end":{"line":1317,"column":254}},"308":{"start":{"line":1318,"column":24},"end":{"line":1318,"column":65}},"309":{"start":{"line":1320,"column":20},"end":{"line":1320,"column":26}},"310":{"start":{"line":1322,"column":44},"end":{"line":1322,"column":95}},"311":{"start":{"line":1323,"column":20},"end":{"line":1323,"column":67}},"312":{"start":{"line":1324,"column":20},"end":{"line":1324,"column":26}},"313":{"start":{"line":1326,"column":41},"end":{"line":1326,"column":121}},"314":{"start":{"line":1327,"column":20},"end":{"line":1327,"column":61}},"315":{"start":{"line":1328,"column":20},"end":{"line":1328,"column":26}},"316":{"start":{"line":1330,"column":20},"end":{"line":1330,"column":75}},"317":{"start":{"line":1331,"column":20},"end":{"line":1331,"column":26}},"318":{"start":{"line":1335,"column":8},"end":{"line":1363,"column":14}},"319":{"start":{"line":1337,"column":16},"end":{"line":1340,"column":17}},"320":{"start":{"line":1338,"column":20},"end":{"line":1338,"column":43}},"321":{"start":{"line":1339,"column":20},"end":{"line":1339,"column":27}},"322":{"start":{"line":1342,"column":16},"end":{"line":1342,"column":43}},"323":{"start":{"line":1344,"column":35},"end":{"line":1344,"column":88}},"324":{"start":{"line":1346,"column":31},"end":{"line":1358,"column":24}},"325":{"start":{"line":1347,"column":20},"end":{"line":1357,"column":26}},"326":{"start":{"line":1349,"column":28},"end":{"line":1353,"column":29}},"327":{"start":{"line":1350,"column":32},"end":{"line":1350,"column":60}},"328":{"start":{"line":1351,"column":32},"end":{"line":1351,"column":56}},"329":{"start":{"line":1352,"column":32},"end":{"line":1352,"column":61}},"330":{"start":{"line":1356,"column":28},"end":{"line":1356,"column":39}},"331":{"start":{"line":1362,"column":16},"end":{"line":1362,"column":27}},"332":{"start":{"line":1367,"column":29},"end":{"line":1369,"column":5}},"333":{"start":{"line":1368,"column":8},"end":{"line":1368,"column":35}},"334":{"start":{"line":1371,"column":31},"end":{"line":1377,"column":5}},"335":{"start":{"line":1372,"column":34},"end":{"line":1372,"column":53}},"336":{"start":{"line":1373,"column":25},"end":{"line":1373,"column":79}},"337":{"start":{"line":1374,"column":8},"end":{"line":1374,"column":41}},"338":{"start":{"line":1375,"column":8},"end":{"line":1375,"column":45}},"339":{"start":{"line":1376,"column":8},"end":{"line":1376,"column":36}},"340":{"start":{"line":1379,"column":35},"end":{"line":1381,"column":5}},"341":{"start":{"line":1380,"column":8},"end":{"line":1380,"column":36}},"342":{"start":{"line":1383,"column":26},"end":{"line":1385,"column":5}},"343":{"start":{"line":1384,"column":8},"end":{"line":1384,"column":32}},"344":{"start":{"line":1387,"column":28},"end":{"line":1393,"column":5}},"345":{"start":{"line":1388,"column":34},"end":{"line":1388,"column":53}},"346":{"start":{"line":1389,"column":25},"end":{"line":1389,"column":103}},"347":{"start":{"line":1390,"column":8},"end":{"line":1390,"column":41}},"348":{"start":{"line":1391,"column":8},"end":{"line":1391,"column":45}},"349":{"start":{"line":1392,"column":8},"end":{"line":1392,"column":33}},"350":{"start":{"line":1395,"column":32},"end":{"line":1397,"column":5}},"351":{"start":{"line":1396,"column":8},"end":{"line":1396,"column":33}},"352":{"start":{"line":1399,"column":24},"end":{"line":1401,"column":5}},"353":{"start":{"line":1400,"column":8},"end":{"line":1400,"column":30}},"354":{"start":{"line":1403,"column":26},"end":{"line":1409,"column":5}},"355":{"start":{"line":1404,"column":34},"end":{"line":1404,"column":53}},"356":{"start":{"line":1405,"column":25},"end":{"line":1405,"column":64}},"357":{"start":{"line":1406,"column":8},"end":{"line":1406,"column":41}},"358":{"start":{"line":1407,"column":8},"end":{"line":1407,"column":45}},"359":{"start":{"line":1408,"column":8},"end":{"line":1408,"column":31}},"360":{"start":{"line":1411,"column":30},"end":{"line":1413,"column":5}},"361":{"start":{"line":1412,"column":8},"end":{"line":1412,"column":31}},"362":{"start":{"line":1415,"column":26},"end":{"line":1451,"column":5}},"363":{"start":{"line":1417,"column":8},"end":{"line":1421,"column":9}},"364":{"start":{"line":1422,"column":8},"end":{"line":1422,"column":35}},"365":{"start":{"line":1423,"column":8},"end":{"line":1449,"column":14}},"366":{"start":{"line":1425,"column":16},"end":{"line":1427,"column":17}},"367":{"start":{"line":1426,"column":20},"end":{"line":1426,"column":51}},"368":{"start":{"line":1428,"column":16},"end":{"line":1428,"column":43}},"369":{"start":{"line":1430,"column":35},"end":{"line":1430,"column":88}},"370":{"start":{"line":1432,"column":31},"end":{"line":1444,"column":24}},"371":{"start":{"line":1433,"column":20},"end":{"line":1443,"column":26}},"372":{"start":{"line":1435,"column":28},"end":{"line":1439,"column":29}},"373":{"start":{"line":1436,"column":32},"end":{"line":1436,"column":60}},"374":{"start":{"line":1437,"column":32},"end":{"line":1437,"column":56}},"375":{"start":{"line":1438,"column":32},"end":{"line":1438,"column":61}},"376":{"start":{"line":1442,"column":28},"end":{"line":1442,"column":39}},"377":{"start":{"line":1448,"column":16},"end":{"line":1448,"column":27}},"378":{"start":{"line":1450,"column":8},"end":{"line":1450,"column":31}},"379":{"start":{"line":1453,"column":30},"end":{"line":1455,"column":5}},"380":{"start":{"line":1454,"column":8},"end":{"line":1454,"column":31}},"381":{"start":{"line":1457,"column":36},"end":{"line":1459,"column":5}},"382":{"start":{"line":1458,"column":8},"end":{"line":1458,"column":38}},"383":{"start":{"line":1461,"column":34},"end":{"line":1463,"column":5}},"384":{"start":{"line":1462,"column":8},"end":{"line":1462,"column":30}},"385":{"start":{"line":1465,"column":28},"end":{"line":1471,"column":5}},"386":{"start":{"line":1466,"column":24},"end":{"line":1466,"column":26}},"387":{"start":{"line":1467,"column":8},"end":{"line":1469,"column":9}},"388":{"start":{"line":1467,"column":25},"end":{"line":1467,"column":26}},"389":{"start":{"line":1468,"column":12},"end":{"line":1468,"column":55}},"390":{"start":{"line":1470,"column":8},"end":{"line":1470,"column":23}},"391":{"start":{"line":1473,"column":4},"end":{"line":1948,"column":5}},"392":{"start":{"line":1557,"column":73},"end":{"line":1569,"column":66}},"393":{"start":{"line":1562,"column":60},"end":{"line":1564,"column":70}},"394":{"start":{"line":1563,"column":64},"end":{"line":1563,"column":89}},"395":{"start":{"line":1581,"column":73},"end":{"line":1624,"column":66}},"396":{"start":{"line":1582,"column":104},"end":{"line":1582,"column":128}},"397":{"start":{"line":1593,"column":68},"end":{"line":1594,"column":181}},"398":{"start":{"line":1602,"column":68},"end":{"line":1604,"column":69}},"399":{"start":{"line":1793,"column":48},"end":{"line":1813,"column":55}}},"fnMap":{"0":{"name":"(anonymous_0)","decl":{"start":{"line":531,"column":13},"end":{"line":531,"column":14}},"loc":{"start":{"line":531,"column":24},"end":{"line":1949,"column":1}},"line":531},"1":{"name":"(anonymous_1)","decl":{"start":{"line":926,"column":8},"end":{"line":926,"column":9}},"loc":{"start":{"line":926,"column":15},"end":{"line":928,"column":9}},"line":926},"2":{"name":"(anonymous_2)","decl":{"start":{"line":932,"column":29},"end":{"line":932,"column":30}},"loc":{"start":{"line":932,"column":64},"end":{"line":941,"column":5}},"line":932},"3":{"name":"(anonymous_3)","decl":{"start":{"line":935,"column":44},"end":{"line":935,"column":45}},"loc":{"start":{"line":935,"column":50},"end":{"line":935,"column":105}},"line":935},"4":{"name":"(anonymous_4)","decl":{"start":{"line":943,"column":30},"end":{"line":943,"column":31}},"loc":{"start":{"line":943,"column":50},"end":{"line":952,"column":5}},"line":943},"5":{"name":"(anonymous_5)","decl":{"start":{"line":954,"column":20},"end":{"line":954,"column":21}},"loc":{"start":{"line":954,"column":26},"end":{"line":1043,"column":5}},"line":954},"6":{"name":"(anonymous_6)","decl":{"start":{"line":963,"column":18},"end":{"line":963,"column":19}},"loc":{"start":{"line":963,"column":27},"end":{"line":1038,"column":13}},"line":963},"7":{"name":"(anonymous_7)","decl":{"start":{"line":1024,"column":47},"end":{"line":1024,"column":48}},"loc":{"start":{"line":1024,"column":53},"end":{"line":1035,"column":21}},"line":1024},"8":{"name":"(anonymous_8)","decl":{"start":{"line":1026,"column":34},"end":{"line":1026,"column":35}},"loc":{"start":{"line":1026,"column":48},"end":{"line":1031,"column":29}},"line":1026},"9":{"name":"(anonymous_9)","decl":{"start":{"line":1032,"column":35},"end":{"line":1032,"column":36}},"loc":{"start":{"line":1032,"column":44},"end":{"line":1034,"column":29}},"line":1032},"10":{"name":"(anonymous_10)","decl":{"start":{"line":1039,"column":19},"end":{"line":1039,"column":20}},"loc":{"start":{"line":1039,"column":28},"end":{"line":1041,"column":13}},"line":1039},"11":{"name":"(anonymous_11)","decl":{"start":{"line":1045,"column":23},"end":{"line":1045,"column":24}},"loc":{"start":{"line":1045,"column":47},"end":{"line":1051,"column":5}},"line":1045},"12":{"name":"(anonymous_12)","decl":{"start":{"line":1053,"column":20},"end":{"line":1053,"column":21}},"loc":{"start":{"line":1053,"column":26},"end":{"line":1061,"column":5}},"line":1053},"13":{"name":"(anonymous_13)","decl":{"start":{"line":1063,"column":29},"end":{"line":1063,"column":30}},"loc":{"start":{"line":1063,"column":35},"end":{"line":1065,"column":5}},"line":1063},"14":{"name":"(anonymous_14)","decl":{"start":{"line":1067,"column":25},"end":{"line":1067,"column":26}},"loc":{"start":{"line":1067,"column":31},"end":{"line":1069,"column":5}},"line":1067},"15":{"name":"(anonymous_15)","decl":{"start":{"line":1071,"column":30},"end":{"line":1071,"column":31}},"loc":{"start":{"line":1071,"column":41},"end":{"line":1074,"column":5}},"line":1071},"16":{"name":"(anonymous_16)","decl":{"start":{"line":1076,"column":27},"end":{"line":1076,"column":28}},"loc":{"start":{"line":1076,"column":33},"end":{"line":1085,"column":5}},"line":1076},"17":{"name":"(anonymous_17)","decl":{"start":{"line":1087,"column":31},"end":{"line":1087,"column":32}},"loc":{"start":{"line":1087,"column":37},"end":{"line":1089,"column":5}},"line":1087},"18":{"name":"(anonymous_18)","decl":{"start":{"line":1091,"column":28},"end":{"line":1091,"column":29}},"loc":{"start":{"line":1091,"column":34},"end":{"line":1094,"column":5}},"line":1091},"19":{"name":"(anonymous_19)","decl":{"start":{"line":1096,"column":30},"end":{"line":1096,"column":31}},"loc":{"start":{"line":1096,"column":36},"end":{"line":1099,"column":5}},"line":1096},"20":{"name":"(anonymous_20)","decl":{"start":{"line":1101,"column":25},"end":{"line":1101,"column":26}},"loc":{"start":{"line":1101,"column":31},"end":{"line":1118,"column":5}},"line":1101},"21":{"name":"(anonymous_21)","decl":{"start":{"line":1120,"column":29},"end":{"line":1120,"column":30}},"loc":{"start":{"line":1120,"column":35},"end":{"line":1122,"column":5}},"line":1120},"22":{"name":"(anonymous_22)","decl":{"start":{"line":1124,"column":33},"end":{"line":1124,"column":34}},"loc":{"start":{"line":1124,"column":44},"end":{"line":1126,"column":5}},"line":1124},"23":{"name":"(anonymous_23)","decl":{"start":{"line":1128,"column":36},"end":{"line":1128,"column":37}},"loc":{"start":{"line":1128,"column":47},"end":{"line":1132,"column":5}},"line":1128},"24":{"name":"(anonymous_24)","decl":{"start":{"line":1134,"column":34},"end":{"line":1134,"column":35}},"loc":{"start":{"line":1134,"column":45},"end":{"line":1136,"column":5}},"line":1134},"25":{"name":"(anonymous_25)","decl":{"start":{"line":1138,"column":31},"end":{"line":1138,"column":32}},"loc":{"start":{"line":1138,"column":42},"end":{"line":1140,"column":5}},"line":1138},"26":{"name":"(anonymous_26)","decl":{"start":{"line":1142,"column":25},"end":{"line":1142,"column":26}},"loc":{"start":{"line":1142,"column":32},"end":{"line":1146,"column":5}},"line":1142},"27":{"name":"(anonymous_27)","decl":{"start":{"line":1142,"column":32},"end":{"line":1142,"column":33}},"loc":{"start":{"line":1142,"column":43},"end":{"line":1146,"column":5}},"line":1142},"28":{"name":"(anonymous_28)","decl":{"start":{"line":1148,"column":27},"end":{"line":1148,"column":28}},"loc":{"start":{"line":1148,"column":33},"end":{"line":1165,"column":5}},"line":1148},"29":{"name":"(anonymous_29)","decl":{"start":{"line":1167,"column":31},"end":{"line":1167,"column":32}},"loc":{"start":{"line":1167,"column":37},"end":{"line":1169,"column":5}},"line":1167},"30":{"name":"(anonymous_30)","decl":{"start":{"line":1171,"column":35},"end":{"line":1171,"column":36}},"loc":{"start":{"line":1171,"column":46},"end":{"line":1173,"column":5}},"line":1171},"31":{"name":"(anonymous_31)","decl":{"start":{"line":1175,"column":30},"end":{"line":1175,"column":31}},"loc":{"start":{"line":1175,"column":41},"end":{"line":1177,"column":5}},"line":1175},"32":{"name":"(anonymous_32)","decl":{"start":{"line":1179,"column":33},"end":{"line":1179,"column":34}},"loc":{"start":{"line":1179,"column":44},"end":{"line":1181,"column":5}},"line":1179},"33":{"name":"(anonymous_33)","decl":{"start":{"line":1183,"column":32},"end":{"line":1183,"column":33}},"loc":{"start":{"line":1183,"column":38},"end":{"line":1190,"column":5}},"line":1183},"34":{"name":"(anonymous_34)","decl":{"start":{"line":1192,"column":29},"end":{"line":1192,"column":30}},"loc":{"start":{"line":1192,"column":35},"end":{"line":1199,"column":5}},"line":1192},"35":{"name":"(anonymous_35)","decl":{"start":{"line":1201,"column":33},"end":{"line":1201,"column":34}},"loc":{"start":{"line":1201,"column":39},"end":{"line":1203,"column":5}},"line":1201},"36":{"name":"(anonymous_36)","decl":{"start":{"line":1205,"column":33},"end":{"line":1205,"column":34}},"loc":{"start":{"line":1205,"column":39},"end":{"line":1208,"column":5}},"line":1205},"37":{"name":"(anonymous_37)","decl":{"start":{"line":1210,"column":37},"end":{"line":1210,"column":38}},"loc":{"start":{"line":1210,"column":43},"end":{"line":1213,"column":5}},"line":1210},"38":{"name":"(anonymous_38)","decl":{"start":{"line":1215,"column":31},"end":{"line":1215,"column":32}},"loc":{"start":{"line":1215,"column":37},"end":{"line":1219,"column":5}},"line":1215},"39":{"name":"(anonymous_39)","decl":{"start":{"line":1221,"column":28},"end":{"line":1221,"column":29}},"loc":{"start":{"line":1221,"column":34},"end":{"line":1239,"column":5}},"line":1221},"40":{"name":"(anonymous_40)","decl":{"start":{"line":1241,"column":32},"end":{"line":1241,"column":33}},"loc":{"start":{"line":1241,"column":38},"end":{"line":1244,"column":5}},"line":1241},"41":{"name":"(anonymous_41)","decl":{"start":{"line":1246,"column":36},"end":{"line":1246,"column":37}},"loc":{"start":{"line":1246,"column":47},"end":{"line":1248,"column":5}},"line":1246},"42":{"name":"(anonymous_42)","decl":{"start":{"line":1250,"column":33},"end":{"line":1250,"column":34}},"loc":{"start":{"line":1250,"column":40},"end":{"line":1256,"column":5}},"line":1250},"43":{"name":"(anonymous_43)","decl":{"start":{"line":1250,"column":40},"end":{"line":1250,"column":41}},"loc":{"start":{"line":1250,"column":51},"end":{"line":1256,"column":5}},"line":1250},"44":{"name":"(anonymous_44)","decl":{"start":{"line":1258,"column":33},"end":{"line":1258,"column":34}},"loc":{"start":{"line":1258,"column":40},"end":{"line":1263,"column":5}},"line":1258},"45":{"name":"(anonymous_45)","decl":{"start":{"line":1258,"column":40},"end":{"line":1258,"column":41}},"loc":{"start":{"line":1258,"column":51},"end":{"line":1263,"column":5}},"line":1258},"46":{"name":"(anonymous_46)","decl":{"start":{"line":1265,"column":31},"end":{"line":1265,"column":32}},"loc":{"start":{"line":1265,"column":38},"end":{"line":1274,"column":5}},"line":1265},"47":{"name":"(anonymous_47)","decl":{"start":{"line":1265,"column":38},"end":{"line":1265,"column":39}},"loc":{"start":{"line":1265,"column":49},"end":{"line":1274,"column":5}},"line":1265},"48":{"name":"(anonymous_48)","decl":{"start":{"line":1276,"column":35},"end":{"line":1276,"column":36}},"loc":{"start":{"line":1276,"column":41},"end":{"line":1279,"column":5}},"line":1276},"49":{"name":"(anonymous_49)","decl":{"start":{"line":1281,"column":31},"end":{"line":1281,"column":32}},"loc":{"start":{"line":1281,"column":37},"end":{"line":1365,"column":5}},"line":1281},"50":{"name":"(anonymous_50)","decl":{"start":{"line":1336,"column":18},"end":{"line":1336,"column":19}},"loc":{"start":{"line":1336,"column":27},"end":{"line":1360,"column":13}},"line":1336},"51":{"name":"(anonymous_51)","decl":{"start":{"line":1346,"column":43},"end":{"line":1346,"column":44}},"loc":{"start":{"line":1346,"column":49},"end":{"line":1358,"column":17}},"line":1346},"52":{"name":"(anonymous_52)","decl":{"start":{"line":1348,"column":30},"end":{"line":1348,"column":31}},"loc":{"start":{"line":1348,"column":44},"end":{"line":1354,"column":25}},"line":1348},"53":{"name":"(anonymous_53)","decl":{"start":{"line":1355,"column":31},"end":{"line":1355,"column":32}},"loc":{"start":{"line":1355,"column":40},"end":{"line":1357,"column":25}},"line":1355},"54":{"name":"(anonymous_54)","decl":{"start":{"line":1361,"column":19},"end":{"line":1361,"column":20}},"loc":{"start":{"line":1361,"column":28},"end":{"line":1363,"column":13}},"line":1361},"55":{"name":"(anonymous_55)","decl":{"start":{"line":1367,"column":29},"end":{"line":1367,"column":30}},"loc":{"start":{"line":1367,"column":35},"end":{"line":1369,"column":5}},"line":1367},"56":{"name":"(anonymous_56)","decl":{"start":{"line":1371,"column":31},"end":{"line":1371,"column":32}},"loc":{"start":{"line":1371,"column":37},"end":{"line":1377,"column":5}},"line":1371},"57":{"name":"(anonymous_57)","decl":{"start":{"line":1379,"column":35},"end":{"line":1379,"column":36}},"loc":{"start":{"line":1379,"column":41},"end":{"line":1381,"column":5}},"line":1379},"58":{"name":"(anonymous_58)","decl":{"start":{"line":1383,"column":26},"end":{"line":1383,"column":27}},"loc":{"start":{"line":1383,"column":32},"end":{"line":1385,"column":5}},"line":1383},"59":{"name":"(anonymous_59)","decl":{"start":{"line":1387,"column":28},"end":{"line":1387,"column":29}},"loc":{"start":{"line":1387,"column":34},"end":{"line":1393,"column":5}},"line":1387},"60":{"name":"(anonymous_60)","decl":{"start":{"line":1395,"column":32},"end":{"line":1395,"column":33}},"loc":{"start":{"line":1395,"column":38},"end":{"line":1397,"column":5}},"line":1395},"61":{"name":"(anonymous_61)","decl":{"start":{"line":1399,"column":24},"end":{"line":1399,"column":25}},"loc":{"start":{"line":1399,"column":30},"end":{"line":1401,"column":5}},"line":1399},"62":{"name":"(anonymous_62)","decl":{"start":{"line":1403,"column":26},"end":{"line":1403,"column":27}},"loc":{"start":{"line":1403,"column":32},"end":{"line":1409,"column":5}},"line":1403},"63":{"name":"(anonymous_63)","decl":{"start":{"line":1411,"column":30},"end":{"line":1411,"column":31}},"loc":{"start":{"line":1411,"column":36},"end":{"line":1413,"column":5}},"line":1411},"64":{"name":"(anonymous_64)","decl":{"start":{"line":1415,"column":26},"end":{"line":1415,"column":27}},"loc":{"start":{"line":1415,"column":32},"end":{"line":1451,"column":5}},"line":1415},"65":{"name":"(anonymous_65)","decl":{"start":{"line":1424,"column":18},"end":{"line":1424,"column":19}},"loc":{"start":{"line":1424,"column":27},"end":{"line":1446,"column":13}},"line":1424},"66":{"name":"(anonymous_66)","decl":{"start":{"line":1432,"column":43},"end":{"line":1432,"column":44}},"loc":{"start":{"line":1432,"column":49},"end":{"line":1444,"column":17}},"line":1432},"67":{"name":"(anonymous_67)","decl":{"start":{"line":1434,"column":30},"end":{"line":1434,"column":31}},"loc":{"start":{"line":1434,"column":44},"end":{"line":1440,"column":25}},"line":1434},"68":{"name":"(anonymous_68)","decl":{"start":{"line":1441,"column":31},"end":{"line":1441,"column":32}},"loc":{"start":{"line":1441,"column":40},"end":{"line":1443,"column":25}},"line":1441},"69":{"name":"(anonymous_69)","decl":{"start":{"line":1447,"column":19},"end":{"line":1447,"column":20}},"loc":{"start":{"line":1447,"column":28},"end":{"line":1449,"column":13}},"line":1447},"70":{"name":"(anonymous_70)","decl":{"start":{"line":1453,"column":30},"end":{"line":1453,"column":31}},"loc":{"start":{"line":1453,"column":36},"end":{"line":1455,"column":5}},"line":1453},"71":{"name":"(anonymous_71)","decl":{"start":{"line":1457,"column":36},"end":{"line":1457,"column":37}},"loc":{"start":{"line":1457,"column":47},"end":{"line":1459,"column":5}},"line":1457},"72":{"name":"(anonymous_72)","decl":{"start":{"line":1461,"column":34},"end":{"line":1461,"column":35}},"loc":{"start":{"line":1461,"column":45},"end":{"line":1463,"column":5}},"line":1461},"73":{"name":"(anonymous_73)","decl":{"start":{"line":1465,"column":28},"end":{"line":1465,"column":29}},"loc":{"start":{"line":1465,"column":46},"end":{"line":1471,"column":5}},"line":1465},"74":{"name":"(anonymous_74)","decl":{"start":{"line":1557,"column":56},"end":{"line":1557,"column":57}},"loc":{"start":{"line":1557,"column":73},"end":{"line":1569,"column":66}},"line":1557},"75":{"name":"(anonymous_75)","decl":{"start":{"line":1561,"column":77},"end":{"line":1561,"column":78}},"loc":{"start":{"line":1561,"column":104},"end":{"line":1565,"column":57}},"line":1561},"76":{"name":"(anonymous_76)","decl":{"start":{"line":1562,"column":192},"end":{"line":1562,"column":193}},"loc":{"start":{"line":1562,"column":217},"end":{"line":1564,"column":61}},"line":1562},"77":{"name":"(anonymous_77)","decl":{"start":{"line":1581,"column":56},"end":{"line":1581,"column":57}},"loc":{"start":{"line":1581,"column":73},"end":{"line":1624,"column":66}},"line":1581},"78":{"name":"(anonymous_78)","decl":{"start":{"line":1582,"column":98},"end":{"line":1582,"column":99}},"loc":{"start":{"line":1582,"column":104},"end":{"line":1582,"column":128}},"line":1582},"79":{"name":"(anonymous_79)","decl":{"start":{"line":1592,"column":79},"end":{"line":1592,"column":80}},"loc":{"start":{"line":1592,"column":102},"end":{"line":1595,"column":65}},"line":1592},"80":{"name":"(anonymous_80)","decl":{"start":{"line":1601,"column":79},"end":{"line":1601,"column":80}},"loc":{"start":{"line":1601,"column":102},"end":{"line":1605,"column":65}},"line":1601},"81":{"name":"(anonymous_81)","decl":{"start":{"line":1792,"column":61},"end":{"line":1792,"column":62}},"loc":{"start":{"line":1792,"column":76},"end":{"line":1814,"column":45}},"line":1792}},"branchMap":{"0":{"loc":{"start":{"line":966,"column":16},"end":{"line":970,"column":17}},"type":"if","locations":[{"start":{"line":966,"column":16},"end":{"line":970,"column":17}},{"start":{},"end":{}}],"line":966},"1":{"loc":{"start":{"line":990,"column":16},"end":{"line":990,"column":102}},"type":"binary-expr","locations":[{"start":{"line":990,"column":16},"end":{"line":990,"column":36}},{"start":{"line":990,"column":40},"end":{"line":990,"column":102}}],"line":990},"2":{"loc":{"start":{"line":991,"column":34},"end":{"line":991,"column":78}},"type":"cond-expr","locations":[{"start":{"line":991,"column":57},"end":{"line":991,"column":59}},{"start":{"line":991,"column":62},"end":{"line":991,"column":78}}],"line":991},"3":{"loc":{"start":{"line":992,"column":32},"end":{"line":992,"column":76}},"type":"cond-expr","locations":[{"start":{"line":992,"column":55},"end":{"line":992,"column":57}},{"start":{"line":992,"column":60},"end":{"line":992,"column":76}}],"line":992},"4":{"loc":{"start":{"line":993,"column":16},"end":{"line":993,"column":90}},"type":"binary-expr","locations":[{"start":{"line":993,"column":16},"end":{"line":993,"column":36}},{"start":{"line":993,"column":40},"end":{"line":993,"column":90}}],"line":993},"5":{"loc":{"start":{"line":994,"column":36},"end":{"line":994,"column":80}},"type":"cond-expr","locations":[{"start":{"line":994,"column":59},"end":{"line":994,"column":61}},{"start":{"line":994,"column":64},"end":{"line":994,"column":80}}],"line":994},"6":{"loc":{"start":{"line":995,"column":34},"end":{"line":995,"column":78}},"type":"cond-expr","locations":[{"start":{"line":995,"column":57},"end":{"line":995,"column":59}},{"start":{"line":995,"column":62},"end":{"line":995,"column":78}}],"line":995},"7":{"loc":{"start":{"line":996,"column":31},"end":{"line":996,"column":75}},"type":"cond-expr","locations":[{"start":{"line":996,"column":54},"end":{"line":996,"column":56}},{"start":{"line":996,"column":59},"end":{"line":996,"column":75}}],"line":996},"8":{"loc":{"start":{"line":997,"column":31},"end":{"line":997,"column":75}},"type":"cond-expr","locations":[{"start":{"line":997,"column":54},"end":{"line":997,"column":56}},{"start":{"line":997,"column":59},"end":{"line":997,"column":75}}],"line":997},"9":{"loc":{"start":{"line":998,"column":31},"end":{"line":998,"column":75}},"type":"cond-expr","locations":[{"start":{"line":998,"column":54},"end":{"line":998,"column":56}},{"start":{"line":998,"column":59},"end":{"line":998,"column":75}}],"line":998},"10":{"loc":{"start":{"line":1021,"column":16},"end":{"line":1036,"column":17}},"type":"if","locations":[{"start":{"line":1021,"column":16},"end":{"line":1036,"column":17}},{"start":{},"end":{}}],"line":1021},"11":{"loc":{"start":{"line":1027,"column":32},"end":{"line":1030,"column":33}},"type":"if","locations":[{"start":{"line":1027,"column":32},"end":{"line":1030,"column":33}},{"start":{},"end":{}}],"line":1027},"12":{"loc":{"start":{"line":1056,"column":12},"end":{"line":1058,"column":13}},"type":"if","locations":[{"start":{"line":1056,"column":12},"end":{"line":1058,"column":13}},{"start":{},"end":{}}],"line":1056},"13":{"loc":{"start":{"line":1078,"column":8},"end":{"line":1080,"column":9}},"type":"if","locations":[{"start":{"line":1078,"column":8},"end":{"line":1080,"column":9}},{"start":{},"end":{}}],"line":1078},"14":{"loc":{"start":{"line":1106,"column":12},"end":{"line":1110,"column":13}},"type":"if","locations":[{"start":{"line":1106,"column":12},"end":{"line":1110,"column":13}},{"start":{},"end":{}}],"line":1106},"15":{"loc":{"start":{"line":1113,"column":8},"end":{"line":1116,"column":9}},"type":"if","locations":[{"start":{"line":1113,"column":8},"end":{"line":1116,"column":9}},{"start":{},"end":{}}],"line":1113},"16":{"loc":{"start":{"line":1153,"column":12},"end":{"line":1157,"column":13}},"type":"if","locations":[{"start":{"line":1153,"column":12},"end":{"line":1157,"column":13}},{"start":{},"end":{}}],"line":1153},"17":{"loc":{"start":{"line":1160,"column":8},"end":{"line":1163,"column":9}},"type":"if","locations":[{"start":{"line":1160,"column":8},"end":{"line":1163,"column":9}},{"start":{},"end":{}}],"line":1160},"18":{"loc":{"start":{"line":1184,"column":8},"end":{"line":1188,"column":9}},"type":"if","locations":[{"start":{"line":1184,"column":8},"end":{"line":1188,"column":9}},{"start":{"line":1186,"column":15},"end":{"line":1188,"column":9}}],"line":1184},"19":{"loc":{"start":{"line":1226,"column":12},"end":{"line":1230,"column":13}},"type":"if","locations":[{"start":{"line":1226,"column":12},"end":{"line":1230,"column":13}},{"start":{},"end":{}}],"line":1226},"20":{"loc":{"start":{"line":1233,"column":8},"end":{"line":1236,"column":9}},"type":"if","locations":[{"start":{"line":1233,"column":8},"end":{"line":1236,"column":9}},{"start":{},"end":{}}],"line":1233},"21":{"loc":{"start":{"line":1268,"column":8},"end":{"line":1270,"column":9}},"type":"if","locations":[{"start":{"line":1268,"column":8},"end":{"line":1270,"column":9}},{"start":{},"end":{}}],"line":1268},"22":{"loc":{"start":{"line":1283,"column":8},"end":{"line":1286,"column":9}},"type":"if","locations":[{"start":{"line":1283,"column":8},"end":{"line":1286,"column":9}},{"start":{},"end":{}}],"line":1283},"23":{"loc":{"start":{"line":1303,"column":12},"end":{"line":1333,"column":13}},"type":"switch","locations":[{"start":{"line":1304,"column":16},"end":{"line":1307,"column":26}},{"start":{"line":1308,"column":16},"end":{"line":1311,"column":26}},{"start":{"line":1312,"column":16},"end":{"line":1314,"column":26}},{"start":{"line":1315,"column":16},"end":{"line":1320,"column":26}},{"start":{"line":1321,"column":16},"end":{"line":1324,"column":26}},{"start":{"line":1325,"column":16},"end":{"line":1328,"column":26}},{"start":{"line":1329,"column":16},"end":{"line":1331,"column":26}},{"start":{"line":1332,"column":16},"end":{"line":1332,"column":24}}],"line":1303},"24":{"loc":{"start":{"line":1337,"column":16},"end":{"line":1340,"column":17}},"type":"if","locations":[{"start":{"line":1337,"column":16},"end":{"line":1340,"column":17}},{"start":{},"end":{}}],"line":1337},"25":{"loc":{"start":{"line":1349,"column":28},"end":{"line":1353,"column":29}},"type":"if","locations":[{"start":{"line":1349,"column":28},"end":{"line":1353,"column":29}},{"start":{},"end":{}}],"line":1349},"26":{"loc":{"start":{"line":1419,"column":20},"end":{"line":1419,"column":71}},"type":"cond-expr","locations":[{"start":{"line":1419,"column":53},"end":{"line":1419,"column":64}},{"start":{"line":1419,"column":67},"end":{"line":1419,"column":71}}],"line":1419},"27":{"loc":{"start":{"line":1425,"column":16},"end":{"line":1427,"column":17}},"type":"if","locations":[{"start":{"line":1425,"column":16},"end":{"line":1427,"column":17}},{"start":{},"end":{}}],"line":1425},"28":{"loc":{"start":{"line":1435,"column":28},"end":{"line":1439,"column":29}},"type":"if","locations":[{"start":{"line":1435,"column":28},"end":{"line":1439,"column":29}},{"start":{},"end":{}}],"line":1435},"29":{"loc":{"start":{"line":1477,"column":80},"end":{"line":1477,"column":180}},"type":"cond-expr","locations":[{"start":{"line":1477,"column":103},"end":{"line":1477,"column":109}},{"start":{"line":1477,"column":112},"end":{"line":1477,"column":180}}],"line":1477},"30":{"loc":{"start":{"line":1477,"column":112},"end":{"line":1477,"column":180}},"type":"cond-expr","locations":[{"start":{"line":1477,"column":135},"end":{"line":1477,"column":141}},{"start":{"line":1477,"column":144},"end":{"line":1477,"column":180}}],"line":1477},"31":{"loc":{"start":{"line":1477,"column":144},"end":{"line":1477,"column":180}},"type":"cond-expr","locations":[{"start":{"line":1477,"column":165},"end":{"line":1477,"column":171}},{"start":{"line":1477,"column":174},"end":{"line":1477,"column":180}}],"line":1477},"32":{"loc":{"start":{"line":1480,"column":25},"end":{"line":1932,"column":30}},"type":"binary-expr","locations":[{"start":{"line":1480,"column":25},"end":{"line":1480,"column":49}},{"start":{"line":1480,"column":53},"end":{"line":1932,"column":30}}],"line":1480},"33":{"loc":{"start":{"line":1502,"column":49},"end":{"line":1502,"column":109}},"type":"binary-expr","locations":[{"start":{"line":1502,"column":49},"end":{"line":1502,"column":62}},{"start":{"line":1502,"column":66},"end":{"line":1502,"column":109}}],"line":1502},"34":{"loc":{"start":{"line":1503,"column":49},"end":{"line":1503,"column":110}},"type":"binary-expr","locations":[{"start":{"line":1503,"column":49},"end":{"line":1503,"column":62}},{"start":{"line":1503,"column":66},"end":{"line":1503,"column":110}}],"line":1503},"35":{"loc":{"start":{"line":1574,"column":33},"end":{"line":1627,"column":38}},"type":"binary-expr","locations":[{"start":{"line":1574,"column":33},"end":{"line":1574,"column":41}},{"start":{"line":1574,"column":45},"end":{"line":1627,"column":38}}],"line":1574},"36":{"loc":{"start":{"line":1589,"column":57},"end":{"line":1596,"column":67}},"type":"binary-expr","locations":[{"start":{"line":1589,"column":58},"end":{"line":1589,"column":78}},{"start":{"line":1589,"column":82},"end":{"line":1589,"column":104}},{"start":{"line":1590,"column":60},"end":{"line":1596,"column":66}}],"line":1589},"37":{"loc":{"start":{"line":1597,"column":57},"end":{"line":1597,"column":180}},"type":"binary-expr","locations":[{"start":{"line":1597,"column":57},"end":{"line":1597,"column":81}},{"start":{"line":1597,"column":85},"end":{"line":1597,"column":180}}],"line":1597},"38":{"loc":{"start":{"line":1598,"column":57},"end":{"line":1606,"column":66}},"type":"binary-expr","locations":[{"start":{"line":1598,"column":57},"end":{"line":1598,"column":80}},{"start":{"line":1599,"column":60},"end":{"line":1606,"column":66}}],"line":1598},"39":{"loc":{"start":{"line":1607,"column":57},"end":{"line":1610,"column":66}},"type":"binary-expr","locations":[{"start":{"line":1607,"column":57},"end":{"line":1607,"column":83}},{"start":{"line":1608,"column":60},"end":{"line":1610,"column":66}}],"line":1607},"40":{"loc":{"start":{"line":1612,"column":57},"end":{"line":1615,"column":66}},"type":"binary-expr","locations":[{"start":{"line":1612,"column":57},"end":{"line":1612,"column":80}},{"start":{"line":1613,"column":60},"end":{"line":1615,"column":66}}],"line":1612},"41":{"loc":{"start":{"line":1617,"column":57},"end":{"line":1620,"column":66}},"type":"binary-expr","locations":[{"start":{"line":1617,"column":57},"end":{"line":1617,"column":78}},{"start":{"line":1618,"column":60},"end":{"line":1620,"column":66}}],"line":1617},"42":{"loc":{"start":{"line":1628,"column":33},"end":{"line":1634,"column":38}},"type":"binary-expr","locations":[{"start":{"line":1628,"column":33},"end":{"line":1628,"column":41}},{"start":{"line":1628,"column":45},"end":{"line":1634,"column":38}}],"line":1628},"43":{"loc":{"start":{"line":1635,"column":33},"end":{"line":1639,"column":38}},"type":"binary-expr","locations":[{"start":{"line":1635,"column":33},"end":{"line":1635,"column":41}},{"start":{"line":1635,"column":45},"end":{"line":1639,"column":38}}],"line":1635},"44":{"loc":{"start":{"line":1640,"column":33},"end":{"line":1644,"column":42}},"type":"binary-expr","locations":[{"start":{"line":1640,"column":33},"end":{"line":1640,"column":40}},{"start":{"line":1641,"column":36},"end":{"line":1644,"column":42}}],"line":1640},"45":{"loc":{"start":{"line":1905,"column":45},"end":{"line":1916,"column":54}},"type":"binary-expr","locations":[{"start":{"line":1905,"column":45},"end":{"line":1905,"column":75}},{"start":{"line":1906,"column":48},"end":{"line":1916,"column":54}}],"line":1905},"46":{"loc":{"start":{"line":1924,"column":41},"end":{"line":1924,"column":101}},"type":"binary-expr","locations":[{"start":{"line":1924,"column":41},"end":{"line":1924,"column":57}},{"start":{"line":1924,"column":61},"end":{"line":1924,"column":101}}],"line":1924},"47":{"loc":{"start":{"line":1933,"column":25},"end":{"line":1939,"column":32}},"type":"binary-expr","locations":[{"start":{"line":1933,"column":25},"end":{"line":1933,"column":49}},{"start":{"line":1933,"column":53},"end":{"line":1939,"column":32}}],"line":1933}},"s":{"0":1,"1":1,"2":1,"3":1,"4":1,"5":1,"6":1,"7":1,"8":1,"9":1,"10":0,"11":0,"12":0,"13":0,"14":0,"15":0,"16":0,"17":0,"18":0,"19":0,"20":0,"21":0,"22":0,"23":0,"24":0,"25":0,"26":0,"27":0,"28":0,"29":0,"30":0,"31":0,"32":0,"33":0,"34":0,"35":0,"36":0,"37":0,"38":0,"39":0,"40":0,"41":0,"42":0,"43":0,"44":0,"45":0,"46":0,"47":0,"48":0,"49":0,"50":0,"51":0,"52":0,"53":0,"54":0,"55":0,"56":0,"57":0,"58":0,"59":0,"60":0,"61":0,"62":0,"63":0,"64":0,"65":0,"66":0,"67":0,"68":0,"69":0,"70":0,"71":0,"72":0,"73":0,"74":0,"75":0,"76":0,"77":0,"78":0,"79":0,"80":0,"81":0,"82":0,"83":0,"84":0,"85":0,"86":0,"87":0,"88":0,"89":0,"90":0,"91":0,"92":0,"93":0,"94":0,"95":0,"96":0,"97":0,"98":0,"99":0,"100":0,"101":0,"102":0,"103":0,"104":0,"105":0,"106":0,"107":0,"108":0,"109":0,"110":0,"111":0,"112":0,"113":0,"114":0,"115":0,"116":0,"117":0,"118":0,"119":0,"120":0,"121":0,"122":0,"123":0,"124":0,"125":0,"126":0,"127":0,"128":0,"129":0,"130":0,"131":0,"132":0,"133":0,"134":0,"135":0,"136":0,"137":0,"138":0,"139":0,"140":0,"141":0,"142":0,"143":0,"144":0,"145":0,"146":0,"147":0,"148":0,"149":0,"150":0,"151":0,"152":0,"153":0,"154":0,"155":0,"156":0,"157":0,"158":0,"159":0,"160":0,"161":0,"162":0,"163":0,"164":0,"165":0,"166":0,"167":0,"168":0,"169":0,"170":0,"171":0,"172":0,"173":0,"174":0,"175":0,"176":0,"177":0,"178":0,"179":0,"180":0,"181":0,"182":0,"183":0,"184":0,"185":0,"186":0,"187":0,"188":0,"189":0,"190":0,"191":0,"192":0,"193":0,"194":0,"195":0,"196":0,"197":0,"198":0,"199":0,"200":0,"201":0,"202":0,"203":0,"204":0,"205":0,"206":0,"207":0,"208":0,"209":0,"210":0,"211":0,"212":0,"213":0,"214":0,"215":0,"216":0,"217":0,"218":0,"219":0,"220":0,"221":0,"222":0,"223":0,"224":0,"225":0,"226":0,"227":0,"228":0,"229":0,"230":0,"231":0,"232":0,"233":0,"234":0,"235":0,"236":0,"237":0,"238":0,"239":0,"240":0,"241":0,"242":0,"243":0,"244":0,"245":0,"246":0,"247":0,"248":0,"249":0,"250":0,"251":0,"252":0,"253":0,"254":0,"255":0,"256":0,"257":0,"258":0,"259":0,"260":0,"261":0,"262":0,"263":0,"264":0,"265":0,"266":0,"267":0,"268":0,"269":0,"270":0,"271":0,"272":0,"273":0,"274":0,"275":0,"276":0,"277":0,"278":0,"279":0,"280":0,"281":0,"282":0,"283":0,"284":0,"285":0,"286":0,"287":0,"288":0,"289":0,"290":0,"291":0,"292":0,"293":0,"294":0,"295":0,"296":0,"297":0,"298":0,"299":0,"300":0,"301":0,"302":0,"303":0,"304":0,"305":0,"306":0,"307":0,"308":0,"309":0,"310":0,"311":0,"312":0,"313":0,"314":0,"315":0,"316":0,"317":0,"318":0,"319":0,"320":0,"321":0,"322":0,"323":0,"324":0,"325":0,"326":0,"327":0,"328":0,"329":0,"330":0,"331":0,"332":0,"333":0,"334":0,"335":0,"336":0,"337":0,"338":0,"339":0,"340":0,"341":0,"342":0,"343":0,"344":0,"345":0,"346":0,"347":0,"348":0,"349":0,"350":0,"351":0,"352":0,"353":0,"354":0,"355":0,"356":0,"357":0,"358":0,"359":0,"360":0,"361":0,"362":0,"363":0,"364":0,"365":0,"366":0,"367":0,"368":0,"369":0,"370":0,"371":0,"372":0,"373":0,"374":0,"375":0,"376":0,"377":0,"378":0,"379":0,"380":0,"381":0,"382":0,"383":0,"384":0,"385":0,"386":0,"387":0,"388":0,"389":0,"390":0,"391":0,"392":0,"393":0,"394":0,"395":0,"396":0,"397":0,"398":0,"399":0},"f":{"0":0,"1":0,"2":0,"3":0,"4":0,"5":0,"6":0,"7":0,"8":0,"9":0,"10":0,"11":0,"12":0,"13":0,"14":0,"15":0,"16":0,"17":0,"18":0,"19":0,"20":0,"21":0,"22":0,"23":0,"24":0,"25":0,"26":0,"27":0,"28":0,"29":0,"30":0,"31":0,"32":0,"33":0,"34":0,"35":0,"36":0,"37":0,"38":0,"39":0,"40":0,"41":0,"42":0,"43":0,"44":0,"45":0,"46":0,"47":0,"48":0,"49":0,"50":0,"51":0,"52":0,"53":0,"54":0,"55":0,"56":0,"57":0,"58":0,"59":0,"60":0,"61":0,"62":0,"63":0,"64":0,"65":0,"66":0,"67":0,"68":0,"69":0,"70":0,"71":0,"72":0,"73":0,"74":0,"75":0,"76":0,"77":0,"78":0,"79":0,"80":0,"81":0},"b":{"0":[0,0],"1":[0,0],"2":[0,0],"3":[0,0],"4":[0,0],"5":[0,0],"6":[0,0],"7":[0,0],"8":[0,0],"9":[0,0],"10":[0,0],"11":[0,0],"12":[0,0],"13":[0,0],"14":[0,0],"15":[0,0],"16":[0,0],"17":[0,0],"18":[0,0],"19":[0,0],"20":[0,0],"21":[0,0],"22":[0,0],"23":[0,0,0,0,0,0,0,0],"24":[0,0],"25":[0,0],"26":[0,0],"27":[0,0],"28":[0,0],"29":[0,0],"30":[0,0],"31":[0,0],"32":[0,0],"33":[0,0],"34":[0,0],"35":[0,0],"36":[0,0,0],"37":[0,0],"38":[0,0],"39":[0,0],"40":[0,0],"41":[0,0],"42":[0,0],"43":[0,0],"44":[0,0],"45":[0,0],"46":[0,0],"47":[0,0]},"_coverageSchema":"1a1c01bbd47fc00a2c39e90264f33305004495a9","hash":"8c790e865fe346ee4c57d8872aee20ef61e98e7f"}
,"/Users/wangyingxu/Desktop/duke/651project/prev version/risk-team4-front-end/src/pages/intro/Intro.js": {"path":"/Users/wangyingxu/Desktop/duke/651project/prev version/risk-team4-front-end/src/pages/intro/Intro.js","statementMap":{"0":{"start":{"line":8,"column":14},"end":{"line":60,"column":1}},"1":{"start":{"line":10,"column":21},"end":{"line":10,"column":34}},"2":{"start":{"line":12,"column":23},"end":{"line":14,"column":5}},"3":{"start":{"line":13,"column":8},"end":{"line":13,"column":22}},"4":{"start":{"line":16,"column":4},"end":{"line":59,"column":5}}},"fnMap":{"0":{"name":"(anonymous_0)","decl":{"start":{"line":8,"column":14},"end":{"line":8,"column":15}},"loc":{"start":{"line":8,"column":25},"end":{"line":60,"column":1}},"line":8},"1":{"name":"(anonymous_1)","decl":{"start":{"line":12,"column":23},"end":{"line":12,"column":24}},"loc":{"start":{"line":12,"column":29},"end":{"line":14,"column":5}},"line":12}},"branchMap":{},"s":{"0":1,"1":0,"2":0,"3":0,"4":0},"f":{"0":0,"1":0},"b":{},"_coverageSchema":"1a1c01bbd47fc00a2c39e90264f33305004495a9","hash":"6b7edc830a2c4b83828a273fdc7bbee024e01b63"}
,"/Users/wangyingxu/Desktop/duke/651project/prev version/risk-team4-front-end/src/pages/login/Login.js": {"path":"/Users/wangyingxu/Desktop/duke/651project/prev version/risk-team4-front-end/src/pages/login/Login.js","statementMap":{"0":{"start":{"line":6,"column":14},"end":{"line":97,"column":1}},"1":{"start":{"line":7,"column":21},"end":{"line":7,"column":34}},"2":{"start":{"line":9,"column":21},"end":{"line":18,"column":5}},"3":{"start":{"line":10,"column":24},"end":{"line":10,"column":84}},"4":{"start":{"line":11,"column":8},"end":{"line":17,"column":14}},"5":{"start":{"line":13,"column":16},"end":{"line":13,"column":96}},"6":{"start":{"line":16,"column":16},"end":{"line":16,"column":47}},"7":{"start":{"line":20,"column":27},"end":{"line":21,"column":5}},"8":{"start":{"line":23,"column":27},"end":{"line":25,"column":5}},"9":{"start":{"line":24,"column":8},"end":{"line":24,"column":30}},"10":{"start":{"line":27,"column":28},"end":{"line":29,"column":5}},"11":{"start":{"line":28,"column":8},"end":{"line":28,"column":27}},"12":{"start":{"line":31,"column":4},"end":{"line":96,"column":5}}},"fnMap":{"0":{"name":"(anonymous_0)","decl":{"start":{"line":6,"column":14},"end":{"line":6,"column":15}},"loc":{"start":{"line":6,"column":25},"end":{"line":97,"column":1}},"line":6},"1":{"name":"(anonymous_1)","decl":{"start":{"line":9,"column":21},"end":{"line":9,"column":22}},"loc":{"start":{"line":9,"column":33},"end":{"line":18,"column":5}},"line":9},"2":{"name":"(anonymous_2)","decl":{"start":{"line":12,"column":18},"end":{"line":12,"column":19}},"loc":{"start":{"line":12,"column":27},"end":{"line":14,"column":13}},"line":12},"3":{"name":"(anonymous_3)","decl":{"start":{"line":15,"column":19},"end":{"line":15,"column":20}},"loc":{"start":{"line":15,"column":28},"end":{"line":17,"column":13}},"line":15},"4":{"name":"(anonymous_4)","decl":{"start":{"line":20,"column":27},"end":{"line":20,"column":28}},"loc":{"start":{"line":20,"column":42},"end":{"line":21,"column":5}},"line":20},"5":{"name":"(anonymous_5)","decl":{"start":{"line":23,"column":27},"end":{"line":23,"column":28}},"loc":{"start":{"line":23,"column":33},"end":{"line":25,"column":5}},"line":23},"6":{"name":"(anonymous_6)","decl":{"start":{"line":27,"column":28},"end":{"line":27,"column":29}},"loc":{"start":{"line":27,"column":34},"end":{"line":29,"column":5}},"line":27}},"branchMap":{},"s":{"0":1,"1":1,"2":1,"3":0,"4":0,"5":0,"6":0,"7":1,"8":1,"9":0,"10":1,"11":0,"12":1},"f":{"0":1,"1":0,"2":0,"3":0,"4":0,"5":0,"6":0},"b":{},"_coverageSchema":"1a1c01bbd47fc00a2c39e90264f33305004495a9","hash":"e2993c246254e951b2ff536bf0533ff4dc5917ef"}
,"/Users/wangyingxu/Desktop/duke/651project/prev version/risk-team4-front-end/src/pages/main/Main.js": {"path":"/Users/wangyingxu/Desktop/duke/651project/prev version/risk-team4-front-end/src/pages/main/Main.js","statementMap":{"0":{"start":{"line":6,"column":19},"end":{"line":6,"column":24}},"1":{"start":{"line":8,"column":13},"end":{"line":195,"column":1}},"2":{"start":{"line":9,"column":32},"end":{"line":9,"column":43}},"3":{"start":{"line":10,"column":36},"end":{"line":10,"column":53}},"4":{"start":{"line":11,"column":28},"end":{"line":11,"column":40}},"5":{"start":{"line":12,"column":46},"end":{"line":12,"column":57}},"6":{"start":{"line":13,"column":40},"end":{"line":13,"column":51}},"7":{"start":{"line":14,"column":50},"end":{"line":14,"column":65}},"8":{"start":{"line":15,"column":66},"end":{"line":15,"column":81}},"9":{"start":{"line":16,"column":46},"end":{"line":16,"column":57}},"10":{"start":{"line":17,"column":52},"end":{"line":17,"column":64}},"11":{"start":{"line":18,"column":21},"end":{"line":18,"column":34}},"12":{"start":{"line":19,"column":21},"end":{"line":19,"column":34}},"13":{"start":{"line":21,"column":4},"end":{"line":37,"column":24}},"14":{"start":{"line":22,"column":8},"end":{"line":22,"column":40}},"15":{"start":{"line":23,"column":8},"end":{"line":23,"column":45}},"16":{"start":{"line":24,"column":23},"end":{"line":24,"column":88}},"17":{"start":{"line":25,"column":8},"end":{"line":36,"column":14}},"18":{"start":{"line":27,"column":36},"end":{"line":27,"column":38}},"19":{"start":{"line":28,"column":16},"end":{"line":31,"column":17}},"20":{"start":{"line":28,"column":33},"end":{"line":28,"column":34}},"21":{"start":{"line":29,"column":40},"end":{"line":29,"column":192}},"22":{"start":{"line":30,"column":20},"end":{"line":30,"column":50}},"23":{"start":{"line":32,"column":16},"end":{"line":32,"column":37}},"24":{"start":{"line":35,"column":16},"end":{"line":35,"column":31}},"25":{"start":{"line":39,"column":25},"end":{"line":41,"column":5}},"26":{"start":{"line":40,"column":8},"end":{"line":40,"column":22}},"27":{"start":{"line":43,"column":31},"end":{"line":53,"column":5}},"28":{"start":{"line":45,"column":23},"end":{"line":45,"column":110}},"29":{"start":{"line":46,"column":8},"end":{"line":52,"column":14}},"30":{"start":{"line":48,"column":16},"end":{"line":48,"column":137}},"31":{"start":{"line":51,"column":16},"end":{"line":51,"column":38}},"32":{"start":{"line":55,"column":27},"end":{"line":57,"column":5}},"33":{"start":{"line":56,"column":8},"end":{"line":56,"column":44}},"34":{"start":{"line":59,"column":30},"end":{"line":87,"column":5}},"35":{"start":{"line":60,"column":23},"end":{"line":60,"column":113}},"36":{"start":{"line":61,"column":8},"end":{"line":86,"column":14}},"37":{"start":{"line":63,"column":16},"end":{"line":82,"column":17}},"38":{"start":{"line":64,"column":20},"end":{"line":64,"column":76}},"39":{"start":{"line":66,"column":20},"end":{"line":66,"column":45}},"40":{"start":{"line":67,"column":38},"end":{"line":67,"column":102}},"41":{"start":{"line":68,"column":35},"end":{"line":81,"column":28}},"42":{"start":{"line":69,"column":24},"end":{"line":80,"column":30}},"43":{"start":{"line":72,"column":28},"end":{"line":75,"column":29}},"44":{"start":{"line":73,"column":32},"end":{"line":73,"column":56}},"45":{"start":{"line":74,"column":32},"end":{"line":74,"column":180}},"46":{"start":{"line":79,"column":32},"end":{"line":79,"column":47}},"47":{"start":{"line":85,"column":16},"end":{"line":85,"column":31}},"48":{"start":{"line":89,"column":30},"end":{"line":91,"column":5}},"49":{"start":{"line":90,"column":8},"end":{"line":90,"column":41}},"50":{"start":{"line":93,"column":32},"end":{"line":123,"column":5}},"51":{"start":{"line":94,"column":18},"end":{"line":94,"column":93}},"52":{"start":{"line":95,"column":8},"end":{"line":122,"column":14}},"53":{"start":{"line":98,"column":16},"end":{"line":98,"column":50}},"54":{"start":{"line":99,"column":16},"end":{"line":99,"column":52}},"55":{"start":{"line":100,"column":16},"end":{"line":100,"column":49}},"56":{"start":{"line":103,"column":34},"end":{"line":103,"column":100}},"57":{"start":{"line":104,"column":31},"end":{"line":118,"column":24}},"58":{"start":{"line":105,"column":20},"end":{"line":117,"column":26}},"59":{"start":{"line":109,"column":28},"end":{"line":112,"column":29}},"60":{"start":{"line":110,"column":32},"end":{"line":110,"column":56}},"61":{"start":{"line":111,"column":32},"end":{"line":111,"column":182}},"62":{"start":{"line":116,"column":28},"end":{"line":116,"column":43}},"63":{"start":{"line":121,"column":16},"end":{"line":121,"column":31}},"64":{"start":{"line":125,"column":4},"end":{"line":194,"column":5}},"65":{"start":{"line":146,"column":44},"end":{"line":148,"column":52}},"66":{"start":{"line":147,"column":71},"end":{"line":147,"column":97}}},"fnMap":{"0":{"name":"(anonymous_0)","decl":{"start":{"line":8,"column":13},"end":{"line":8,"column":14}},"loc":{"start":{"line":8,"column":24},"end":{"line":195,"column":1}},"line":8},"1":{"name":"(anonymous_1)","decl":{"start":{"line":21,"column":20},"end":{"line":21,"column":21}},"loc":{"start":{"line":21,"column":26},"end":{"line":37,"column":5}},"line":21},"2":{"name":"(anonymous_2)","decl":{"start":{"line":26,"column":18},"end":{"line":26,"column":19}},"loc":{"start":{"line":26,"column":27},"end":{"line":33,"column":13}},"line":26},"3":{"name":"(anonymous_3)","decl":{"start":{"line":34,"column":19},"end":{"line":34,"column":20}},"loc":{"start":{"line":34,"column":25},"end":{"line":36,"column":13}},"line":34},"4":{"name":"(anonymous_4)","decl":{"start":{"line":39,"column":25},"end":{"line":39,"column":26}},"loc":{"start":{"line":39,"column":31},"end":{"line":41,"column":5}},"line":39},"5":{"name":"(anonymous_5)","decl":{"start":{"line":43,"column":31},"end":{"line":43,"column":32}},"loc":{"start":{"line":43,"column":43},"end":{"line":53,"column":5}},"line":43},"6":{"name":"(anonymous_6)","decl":{"start":{"line":47,"column":18},"end":{"line":47,"column":19}},"loc":{"start":{"line":47,"column":27},"end":{"line":49,"column":13}},"line":47},"7":{"name":"(anonymous_7)","decl":{"start":{"line":50,"column":19},"end":{"line":50,"column":20}},"loc":{"start":{"line":50,"column":28},"end":{"line":52,"column":13}},"line":50},"8":{"name":"(anonymous_8)","decl":{"start":{"line":55,"column":27},"end":{"line":55,"column":28}},"loc":{"start":{"line":55,"column":38},"end":{"line":57,"column":5}},"line":55},"9":{"name":"(anonymous_9)","decl":{"start":{"line":59,"column":30},"end":{"line":59,"column":31}},"loc":{"start":{"line":59,"column":41},"end":{"line":87,"column":5}},"line":59},"10":{"name":"(anonymous_10)","decl":{"start":{"line":62,"column":18},"end":{"line":62,"column":19}},"loc":{"start":{"line":62,"column":27},"end":{"line":83,"column":13}},"line":62},"11":{"name":"(anonymous_11)","decl":{"start":{"line":68,"column":47},"end":{"line":68,"column":48}},"loc":{"start":{"line":68,"column":53},"end":{"line":81,"column":21}},"line":68},"12":{"name":"(anonymous_12)","decl":{"start":{"line":70,"column":34},"end":{"line":70,"column":35}},"loc":{"start":{"line":70,"column":49},"end":{"line":77,"column":29}},"line":70},"13":{"name":"(anonymous_13)","decl":{"start":{"line":78,"column":35},"end":{"line":78,"column":36}},"loc":{"start":{"line":78,"column":41},"end":{"line":80,"column":29}},"line":78},"14":{"name":"(anonymous_14)","decl":{"start":{"line":84,"column":19},"end":{"line":84,"column":20}},"loc":{"start":{"line":84,"column":25},"end":{"line":86,"column":13}},"line":84},"15":{"name":"(anonymous_15)","decl":{"start":{"line":89,"column":30},"end":{"line":89,"column":31}},"loc":{"start":{"line":89,"column":41},"end":{"line":91,"column":5}},"line":89},"16":{"name":"(anonymous_16)","decl":{"start":{"line":93,"column":32},"end":{"line":93,"column":33}},"loc":{"start":{"line":93,"column":43},"end":{"line":123,"column":5}},"line":93},"17":{"name":"(anonymous_17)","decl":{"start":{"line":96,"column":18},"end":{"line":96,"column":19}},"loc":{"start":{"line":96,"column":27},"end":{"line":119,"column":13}},"line":96},"18":{"name":"(anonymous_18)","decl":{"start":{"line":104,"column":43},"end":{"line":104,"column":44}},"loc":{"start":{"line":104,"column":49},"end":{"line":118,"column":17}},"line":104},"19":{"name":"(anonymous_19)","decl":{"start":{"line":106,"column":30},"end":{"line":106,"column":31}},"loc":{"start":{"line":106,"column":45},"end":{"line":114,"column":25}},"line":106},"20":{"name":"(anonymous_20)","decl":{"start":{"line":115,"column":31},"end":{"line":115,"column":32}},"loc":{"start":{"line":115,"column":37},"end":{"line":117,"column":25}},"line":115},"21":{"name":"(anonymous_21)","decl":{"start":{"line":120,"column":19},"end":{"line":120,"column":20}},"loc":{"start":{"line":120,"column":25},"end":{"line":122,"column":13}},"line":120},"22":{"name":"(anonymous_22)","decl":{"start":{"line":145,"column":48},"end":{"line":145,"column":49}},"loc":{"start":{"line":146,"column":44},"end":{"line":148,"column":52}},"line":146},"23":{"name":"(anonymous_23)","decl":{"start":{"line":147,"column":65},"end":{"line":147,"column":66}},"loc":{"start":{"line":147,"column":71},"end":{"line":147,"column":97}},"line":147}},"branchMap":{"0":{"loc":{"start":{"line":63,"column":16},"end":{"line":82,"column":17}},"type":"if","locations":[{"start":{"line":63,"column":16},"end":{"line":82,"column":17}},{"start":{"line":65,"column":23},"end":{"line":82,"column":17}}],"line":63},"1":{"loc":{"start":{"line":72,"column":28},"end":{"line":75,"column":29}},"type":"if","locations":[{"start":{"line":72,"column":28},"end":{"line":75,"column":29}},{"start":{},"end":{}}],"line":72},"2":{"loc":{"start":{"line":109,"column":28},"end":{"line":112,"column":29}},"type":"if","locations":[{"start":{"line":109,"column":28},"end":{"line":112,"column":29}},{"start":{},"end":{}}],"line":109}},"s":{"0":1,"1":1,"2":0,"3":0,"4":0,"5":0,"6":0,"7":0,"8":0,"9":0,"10":0,"11":0,"12":0,"13":0,"14":0,"15":0,"16":0,"17":0,"18":0,"19":0,"20":0,"21":0,"22":0,"23":0,"24":0,"25":0,"26":0,"27":0,"28":0,"29":0,"30":0,"31":0,"32":0,"33":0,"34":0,"35":0,"36":0,"37":0,"38":0,"39":0,"40":0,"41":0,"42":0,"43":0,"44":0,"45":0,"46":0,"47":0,"48":0,"49":0,"50":0,"51":0,"52":0,"53":0,"54":0,"55":0,"56":0,"57":0,"58":0,"59":0,"60":0,"61":0,"62":0,"63":0,"64":0,"65":0,"66":0},"f":{"0":0,"1":0,"2":0,"3":0,"4":0,"5":0,"6":0,"7":0,"8":0,"9":0,"10":0,"11":0,"12":0,"13":0,"14":0,"15":0,"16":0,"17":0,"18":0,"19":0,"20":0,"21":0,"22":0,"23":0},"b":{"0":[0,0],"1":[0,0],"2":[0,0]},"_coverageSchema":"1a1c01bbd47fc00a2c39e90264f33305004495a9","hash":"844aee50086fceaa1b6c607c21323661083c1940"}
,"/Users/wangyingxu/Desktop/duke/651project/prev version/risk-team4-front-end/src/pages/placement/Placement.js": {"path":"/Users/wangyingxu/Desktop/duke/651project/prev version/risk-team4-front-end/src/pages/placement/Placement.js","statementMap":{"0":{"start":{"line":7,"column":18},"end":{"line":870,"column":1}},"1":{"start":{"line":8,"column":32},"end":{"line":8,"column":43}},"2":{"start":{"line":9,"column":36},"end":{"line":9,"column":55}},"3":{"start":{"line":10,"column":36},"end":{"line":10,"column":47}},"4":{"start":{"line":11,"column":32},"end":{"line":11,"column":43}},"5":{"start":{"line":12,"column":40},"end":{"line":12,"column":56}},"6":{"start":{"line":13,"column":40},"end":{"line":13,"column":53}},"7":{"start":{"line":14,"column":52},"end":{"line":14,"column":64}},"8":{"start":{"line":15,"column":38},"end":{"line":15,"column":53}},"9":{"start":{"line":16,"column":34},"end":{"line":16,"column":45}},"10":{"start":{"line":17,"column":60},"end":{"line":17,"column":75}},"11":{"start":{"line":18,"column":18},"end":{"line":400,"column":5}},"12":{"start":{"line":401,"column":42},"end":{"line":694,"column":6}},"13":{"start":{"line":695,"column":27},"end":{"line":695,"column":52}},"14":{"start":{"line":696,"column":21},"end":{"line":696,"column":34}},"15":{"start":{"line":697,"column":21},"end":{"line":697,"column":34}},"16":{"start":{"line":700,"column":4},"end":{"line":735,"column":24}},"17":{"start":{"line":701,"column":8},"end":{"line":701,"column":40}},"18":{"start":{"line":702,"column":8},"end":{"line":702,"column":45}},"19":{"start":{"line":703,"column":8},"end":{"line":703,"column":45}},"20":{"start":{"line":704,"column":8},"end":{"line":704,"column":41}},"21":{"start":{"line":706,"column":32},"end":{"line":706,"column":52}},"22":{"start":{"line":707,"column":8},"end":{"line":707,"column":39}},"23":{"start":{"line":708,"column":23},"end":{"line":708,"column":93}},"24":{"start":{"line":709,"column":8},"end":{"line":734,"column":14}},"25":{"start":{"line":712,"column":44},"end":{"line":712,"column":64}},"26":{"start":{"line":713,"column":39},"end":{"line":713,"column":66}},"27":{"start":{"line":714,"column":16},"end":{"line":716,"column":17}},"28":{"start":{"line":714,"column":33},"end":{"line":714,"column":34}},"29":{"start":{"line":715,"column":20},"end":{"line":715,"column":127}},"30":{"start":{"line":717,"column":16},"end":{"line":717,"column":47}},"31":{"start":{"line":720,"column":16},"end":{"line":720,"column":49}},"32":{"start":{"line":723,"column":49},"end":{"line":723,"column":78}},"33":{"start":{"line":724,"column":38},"end":{"line":724,"column":40}},"34":{"start":{"line":725,"column":16},"end":{"line":729,"column":17}},"35":{"start":{"line":725,"column":33},"end":{"line":725,"column":34}},"36":{"start":{"line":726,"column":20},"end":{"line":728,"column":21}},"37":{"start":{"line":727,"column":24},"end":{"line":727,"column":80}},"38":{"start":{"line":730,"column":16},"end":{"line":730,"column":51}},"39":{"start":{"line":737,"column":26},"end":{"line":739,"column":5}},"40":{"start":{"line":738,"column":8},"end":{"line":738,"column":28}},"41":{"start":{"line":741,"column":21},"end":{"line":782,"column":5}},"42":{"start":{"line":742,"column":18},"end":{"line":742,"column":19}},"43":{"start":{"line":743,"column":26},"end":{"line":743,"column":28}},"44":{"start":{"line":744,"column":8},"end":{"line":750,"column":9}},"45":{"start":{"line":744,"column":25},"end":{"line":744,"column":26}},"46":{"start":{"line":745,"column":27},"end":{"line":745,"column":50}},"47":{"start":{"line":746,"column":28},"end":{"line":746,"column":52}},"48":{"start":{"line":747,"column":12},"end":{"line":747,"column":29}},"49":{"start":{"line":748,"column":26},"end":{"line":748,"column":88}},"50":{"start":{"line":749,"column":12},"end":{"line":749,"column":36}},"51":{"start":{"line":751,"column":8},"end":{"line":755,"column":9}},"52":{"start":{"line":752,"column":12},"end":{"line":752,"column":31}},"53":{"start":{"line":753,"column":12},"end":{"line":753,"column":28}},"54":{"start":{"line":754,"column":12},"end":{"line":754,"column":19}},"55":{"start":{"line":756,"column":20},"end":{"line":756,"column":69}},"56":{"start":{"line":757,"column":8},"end":{"line":781,"column":14}},"57":{"start":{"line":761,"column":16},"end":{"line":761,"column":46}},"58":{"start":{"line":762,"column":34},"end":{"line":762,"column":95}},"59":{"start":{"line":763,"column":31},"end":{"line":777,"column":24}},"60":{"start":{"line":764,"column":20},"end":{"line":776,"column":26}},"61":{"start":{"line":767,"column":28},"end":{"line":771,"column":29}},"62":{"start":{"line":768,"column":32},"end":{"line":768,"column":63}},"63":{"start":{"line":769,"column":32},"end":{"line":769,"column":56}},"64":{"start":{"line":770,"column":32},"end":{"line":770,"column":138}},"65":{"start":{"line":775,"column":28},"end":{"line":775,"column":43}},"66":{"start":{"line":780,"column":16},"end":{"line":780,"column":31}},"67":{"start":{"line":784,"column":4},"end":{"line":869,"column":5}},"68":{"start":{"line":831,"column":36},"end":{"line":843,"column":56}}},"fnMap":{"0":{"name":"(anonymous_0)","decl":{"start":{"line":7,"column":18},"end":{"line":7,"column":19}},"loc":{"start":{"line":7,"column":29},"end":{"line":870,"column":1}},"line":7},"1":{"name":"(anonymous_1)","decl":{"start":{"line":700,"column":20},"end":{"line":700,"column":21}},"loc":{"start":{"line":700,"column":26},"end":{"line":735,"column":5}},"line":700},"2":{"name":"(anonymous_2)","decl":{"start":{"line":710,"column":18},"end":{"line":710,"column":19}},"loc":{"start":{"line":710,"column":27},"end":{"line":732,"column":13}},"line":710},"3":{"name":"(anonymous_3)","decl":{"start":{"line":733,"column":19},"end":{"line":733,"column":20}},"loc":{"start":{"line":733,"column":33},"end":{"line":734,"column":13}},"line":733},"4":{"name":"(anonymous_4)","decl":{"start":{"line":737,"column":26},"end":{"line":737,"column":27}},"loc":{"start":{"line":737,"column":37},"end":{"line":739,"column":5}},"line":737},"5":{"name":"(anonymous_5)","decl":{"start":{"line":741,"column":21},"end":{"line":741,"column":22}},"loc":{"start":{"line":741,"column":33},"end":{"line":782,"column":5}},"line":741},"6":{"name":"(anonymous_6)","decl":{"start":{"line":758,"column":18},"end":{"line":758,"column":19}},"loc":{"start":{"line":758,"column":27},"end":{"line":778,"column":13}},"line":758},"7":{"name":"(anonymous_7)","decl":{"start":{"line":763,"column":43},"end":{"line":763,"column":44}},"loc":{"start":{"line":763,"column":49},"end":{"line":777,"column":17}},"line":763},"8":{"name":"(anonymous_8)","decl":{"start":{"line":765,"column":30},"end":{"line":765,"column":31}},"loc":{"start":{"line":765,"column":45},"end":{"line":773,"column":25}},"line":765},"9":{"name":"(anonymous_9)","decl":{"start":{"line":774,"column":31},"end":{"line":774,"column":32}},"loc":{"start":{"line":774,"column":37},"end":{"line":776,"column":25}},"line":774},"10":{"name":"(anonymous_10)","decl":{"start":{"line":779,"column":19},"end":{"line":779,"column":20}},"loc":{"start":{"line":779,"column":25},"end":{"line":781,"column":13}},"line":779},"11":{"name":"(anonymous_11)","decl":{"start":{"line":830,"column":54},"end":{"line":830,"column":55}},"loc":{"start":{"line":830,"column":71},"end":{"line":844,"column":33}},"line":830}},"branchMap":{"0":{"loc":{"start":{"line":726,"column":20},"end":{"line":728,"column":21}},"type":"if","locations":[{"start":{"line":726,"column":20},"end":{"line":728,"column":21}},{"start":{},"end":{}}],"line":726},"1":{"loc":{"start":{"line":751,"column":8},"end":{"line":755,"column":9}},"type":"if","locations":[{"start":{"line":751,"column":8},"end":{"line":755,"column":9}},{"start":{},"end":{}}],"line":751},"2":{"loc":{"start":{"line":767,"column":28},"end":{"line":771,"column":29}},"type":"if","locations":[{"start":{"line":767,"column":28},"end":{"line":771,"column":29}},{"start":{},"end":{}}],"line":767},"3":{"loc":{"start":{"line":806,"column":25},"end":{"line":810,"column":32}},"type":"binary-expr","locations":[{"start":{"line":806,"column":25},"end":{"line":806,"column":34}},{"start":{"line":806,"column":38},"end":{"line":810,"column":32}}],"line":806}},"s":{"0":1,"1":0,"2":0,"3":0,"4":0,"5":0,"6":0,"7":0,"8":0,"9":0,"10":0,"11":0,"12":0,"13":0,"14":0,"15":0,"16":0,"17":0,"18":0,"19":0,"20":0,"21":0,"22":0,"23":0,"24":0,"25":0,"26":0,"27":0,"28":0,"29":0,"30":0,"31":0,"32":0,"33":0,"34":0,"35":0,"36":0,"37":0,"38":0,"39":0,"40":0,"41":0,"42":0,"43":0,"44":0,"45":0,"46":0,"47":0,"48":0,"49":0,"50":0,"51":0,"52":0,"53":0,"54":0,"55":0,"56":0,"57":0,"58":0,"59":0,"60":0,"61":0,"62":0,"63":0,"64":0,"65":0,"66":0,"67":0,"68":0},"f":{"0":0,"1":0,"2":0,"3":0,"4":0,"5":0,"6":0,"7":0,"8":0,"9":0,"10":0,"11":0},"b":{"0":[0,0],"1":[0,0],"2":[0,0],"3":[0,0]},"_coverageSchema":"1a1c01bbd47fc00a2c39e90264f33305004495a9","hash":"a46b8d9b2caf28f94630a62d76365a72ab0ae077"}
,"/Users/wangyingxu/Desktop/duke/651project/prev version/risk-team4-front-end/src/pages/register/Register.js": {"path":"/Users/wangyingxu/Desktop/duke/651project/prev version/risk-team4-front-end/src/pages/register/Register.js","statementMap":{"0":{"start":{"line":6,"column":17},"end":{"line":93,"column":1}},"1":{"start":{"line":7,"column":21},"end":{"line":7,"column":34}},"2":{"start":{"line":9,"column":21},"end":{"line":18,"column":5}},"3":{"start":{"line":10,"column":24},"end":{"line":10,"column":84}},"4":{"start":{"line":11,"column":8},"end":{"line":17,"column":14}},"5":{"start":{"line":13,"column":16},"end":{"line":13,"column":96}},"6":{"start":{"line":16,"column":16},"end":{"line":16,"column":47}},"7":{"start":{"line":20,"column":27},"end":{"line":21,"column":5}},"8":{"start":{"line":23,"column":24},"end":{"line":25,"column":5}},"9":{"start":{"line":24,"column":8},"end":{"line":24,"column":22}},"10":{"start":{"line":27,"column":8},"end":{"line":92,"column":9}}},"fnMap":{"0":{"name":"(anonymous_0)","decl":{"start":{"line":6,"column":17},"end":{"line":6,"column":18}},"loc":{"start":{"line":6,"column":28},"end":{"line":93,"column":1}},"line":6},"1":{"name":"(anonymous_1)","decl":{"start":{"line":9,"column":21},"end":{"line":9,"column":22}},"loc":{"start":{"line":9,"column":33},"end":{"line":18,"column":5}},"line":9},"2":{"name":"(anonymous_2)","decl":{"start":{"line":12,"column":18},"end":{"line":12,"column":19}},"loc":{"start":{"line":12,"column":27},"end":{"line":14,"column":13}},"line":12},"3":{"name":"(anonymous_3)","decl":{"start":{"line":15,"column":19},"end":{"line":15,"column":20}},"loc":{"start":{"line":15,"column":28},"end":{"line":17,"column":13}},"line":15},"4":{"name":"(anonymous_4)","decl":{"start":{"line":20,"column":27},"end":{"line":20,"column":28}},"loc":{"start":{"line":20,"column":42},"end":{"line":21,"column":5}},"line":20},"5":{"name":"(anonymous_5)","decl":{"start":{"line":23,"column":24},"end":{"line":23,"column":25}},"loc":{"start":{"line":23,"column":30},"end":{"line":25,"column":5}},"line":23}},"branchMap":{},"s":{"0":1,"1":0,"2":0,"3":0,"4":0,"5":0,"6":0,"7":0,"8":0,"9":0,"10":0},"f":{"0":0,"1":0,"2":0,"3":0,"4":0,"5":0},"b":{},"_coverageSchema":"1a1c01bbd47fc00a2c39e90264f33305004495a9","hash":"015f140b1186602c23bd5b98b2823138ed8396f1"}
}
