TN:
SF:src/App.js
FN:10,App
FNF:1
FNH:1
FNDA:1,App
DA:11,1
LF:1
LH:1
BRF:0
BRH:0
end_of_record
TN:
SF:src/index.js
FNF:0
FNH:0
DA:6,0
DA:7,0
LF:2
LH:0
BRF:0
BRH:0
end_of_record
TN:
SF:src/components/GameBoard.js
FN:8,(anonymous_0)
FN:10,(anonymous_1)
FN:20,(anonymous_2)
FN:25,(anonymous_3)
FN:36,(anonymous_4)
FN:41,(anonymous_5)
FN:52,(anonymous_6)
FN:63,(anonymous_7)
FN:76,(anonymous_8)
FNF:9
FNH:0
FNDA:0,(anonymous_0)
FNDA:0,(anonymous_1)
FNDA:0,(anonymous_2)
FNDA:0,(anonymous_3)
FNDA:0,(anonymous_4)
FNDA:0,(anonymous_5)
FNDA:0,(anonymous_6)
FNDA:0,(anonymous_7)
FNDA:0,(anonymous_8)
DA:8,1
DA:9,0
DA:10,0
DA:20,1
DA:21,0
DA:22,0
DA:23,0
DA:25,0
DA:26,0
DA:27,0
DA:28,0
DA:29,0
DA:30,0
DA:33,0
DA:36,0
DA:37,0
DA:41,0
DA:42,0
DA:43,0
DA:44,0
DA:47,0
DA:50,0
DA:53,0
DA:54,0
DA:60,0
DA:64,0
DA:65,0
DA:77,0
DA:90,0
LF:29
LH:2
BRDA:29,0,0,0
BRDA:29,0,1,0
BRDA:43,1,0,0
BRDA:43,1,1,0
BRDA:53,2,0,0
BRDA:53,2,1,0
BRDA:53,3,0,0
BRDA:53,3,1,0
BRDA:64,4,0,0
BRDA:64,4,1,0
BRDA:73,5,0,0
BRDA:73,5,1,0
BRDA:85,6,0,0
BRDA:85,6,1,0
BRF:14
BRH:0
end_of_record
TN:
SF:src/pages/game/Game.js
FN:531,(anonymous_0)
FN:926,(anonymous_1)
FN:932,(anonymous_2)
FN:935,(anonymous_3)
FN:943,(anonymous_4)
FN:954,(anonymous_5)
FN:963,(anonymous_6)
FN:1024,(anonymous_7)
FN:1026,(anonymous_8)
FN:1032,(anonymous_9)
FN:1039,(anonymous_10)
FN:1045,(anonymous_11)
FN:1053,(anonymous_12)
FN:1063,(anonymous_13)
FN:1067,(anonymous_14)
FN:1071,(anonymous_15)
FN:1076,(anonymous_16)
FN:1087,(anonymous_17)
FN:1091,(anonymous_18)
FN:1096,(anonymous_19)
FN:1101,(anonymous_20)
FN:1120,(anonymous_21)
FN:1124,(anonymous_22)
FN:1128,(anonymous_23)
FN:1134,(anonymous_24)
FN:1138,(anonymous_25)
FN:1142,(anonymous_26)
FN:1142,(anonymous_27)
FN:1148,(anonymous_28)
FN:1167,(anonymous_29)
FN:1171,(anonymous_30)
FN:1175,(anonymous_31)
FN:1179,(anonymous_32)
FN:1183,(anonymous_33)
FN:1192,(anonymous_34)
FN:1201,(anonymous_35)
FN:1205,(anonymous_36)
FN:1210,(anonymous_37)
FN:1215,(anonymous_38)
FN:1221,(anonymous_39)
FN:1241,(anonymous_40)
FN:1246,(anonymous_41)
FN:1250,(anonymous_42)
FN:1250,(anonymous_43)
FN:1258,(anonymous_44)
FN:1258,(anonymous_45)
FN:1265,(anonymous_46)
FN:1265,(anonymous_47)
FN:1276,(anonymous_48)
FN:1281,(anonymous_49)
FN:1336,(anonymous_50)
FN:1346,(anonymous_51)
FN:1348,(anonymous_52)
FN:1355,(anonymous_53)
FN:1361,(anonymous_54)
FN:1367,(anonymous_55)
FN:1371,(anonymous_56)
FN:1379,(anonymous_57)
FN:1383,(anonymous_58)
FN:1387,(anonymous_59)
FN:1395,(anonymous_60)
FN:1399,(anonymous_61)
FN:1403,(anonymous_62)
FN:1411,(anonymous_63)
FN:1415,(anonymous_64)
FN:1424,(anonymous_65)
FN:1432,(anonymous_66)
FN:1434,(anonymous_67)
FN:1441,(anonymous_68)
FN:1447,(anonymous_69)
FN:1453,(anonymous_70)
FN:1457,(anonymous_71)
FN:1461,(anonymous_72)
FN:1465,(anonymous_73)
FN:1557,(anonymous_74)
FN:1561,(anonymous_75)
FN:1562,(anonymous_76)
FN:1581,(anonymous_77)
FN:1582,(anonymous_78)
FN:1592,(anonymous_79)
FN:1601,(anonymous_80)
FN:1792,(anonymous_81)
FNF:82
FNH:0
FNDA:0,(anonymous_0)
FNDA:0,(anonymous_1)
FNDA:0,(anonymous_2)
FNDA:0,(anonymous_3)
FNDA:0,(anonymous_4)
FNDA:0,(anonymous_5)
FNDA:0,(anonymous_6)
FNDA:0,(anonymous_7)
FNDA:0,(anonymous_8)
FNDA:0,(anonymous_9)
FNDA:0,(anonymous_10)
FNDA:0,(anonymous_11)
FNDA:0,(anonymous_12)
FNDA:0,(anonymous_13)
FNDA:0,(anonymous_14)
FNDA:0,(anonymous_15)
FNDA:0,(anonymous_16)
FNDA:0,(anonymous_17)
FNDA:0,(anonymous_18)
FNDA:0,(anonymous_19)
FNDA:0,(anonymous_20)
FNDA:0,(anonymous_21)
FNDA:0,(anonymous_22)
FNDA:0,(anonymous_23)
FNDA:0,(anonymous_24)
FNDA:0,(anonymous_25)
FNDA:0,(anonymous_26)
FNDA:0,(anonymous_27)
FNDA:0,(anonymous_28)
FNDA:0,(anonymous_29)
FNDA:0,(anonymous_30)
FNDA:0,(anonymous_31)
FNDA:0,(anonymous_32)
FNDA:0,(anonymous_33)
FNDA:0,(anonymous_34)
FNDA:0,(anonymous_35)
FNDA:0,(anonymous_36)
FNDA:0,(anonymous_37)
FNDA:0,(anonymous_38)
FNDA:0,(anonymous_39)
FNDA:0,(anonymous_40)
FNDA:0,(anonymous_41)
FNDA:0,(anonymous_42)
FNDA:0,(anonymous_43)
FNDA:0,(anonymous_44)
FNDA:0,(anonymous_45)
FNDA:0,(anonymous_46)
FNDA:0,(anonymous_47)
FNDA:0,(anonymous_48)
FNDA:0,(anonymous_49)
FNDA:0,(anonymous_50)
FNDA:0,(anonymous_51)
FNDA:0,(anonymous_52)
FNDA:0,(anonymous_53)
FNDA:0,(anonymous_54)
FNDA:0,(anonymous_55)
FNDA:0,(anonymous_56)
FNDA:0,(anonymous_57)
FNDA:0,(anonymous_58)
FNDA:0,(anonymous_59)
FNDA:0,(anonymous_60)
FNDA:0,(anonymous_61)
FNDA:0,(anonymous_62)
FNDA:0,(anonymous_63)
FNDA:0,(anonymous_64)
FNDA:0,(anonymous_65)
FNDA:0,(anonymous_66)
FNDA:0,(anonymous_67)
FNDA:0,(anonymous_68)
FNDA:0,(anonymous_69)
FNDA:0,(anonymous_70)
FNDA:0,(anonymous_71)
FNDA:0,(anonymous_72)
FNDA:0,(anonymous_73)
FNDA:0,(anonymous_74)
FNDA:0,(anonymous_75)
FNDA:0,(anonymous_76)
FNDA:0,(anonymous_77)
FNDA:0,(anonymous_78)
FNDA:0,(anonymous_79)
FNDA:0,(anonymous_80)
FNDA:0,(anonymous_81)
DA:12,1
DA:16,1
DA:400,1
DA:427,1
DA:502,1
DA:511,1
DA:521,1
DA:523,1
DA:525,1
DA:531,1
DA:532,0
DA:533,0
DA:534,0
DA:535,0
DA:536,0
DA:537,0
DA:538,0
DA:539,0
DA:540,0
DA:541,0
DA:542,0
DA:543,0
DA:544,0
DA:566,0
DA:574,0
DA:868,0
DA:869,0
DA:888,0
DA:889,0
DA:890,0
DA:891,0
DA:892,0
DA:893,0
DA:894,0
DA:895,0
DA:896,0
DA:897,0
DA:898,0
DA:899,0
DA:900,0
DA:901,0
DA:902,0
DA:903,0
DA:904,0
DA:905,0
DA:906,0
DA:907,0
DA:908,0
DA:909,0
DA:910,0
DA:911,0
DA:912,0
DA:913,0
DA:914,0
DA:915,0
DA:916,0
DA:917,0
DA:918,0
DA:919,0
DA:920,0
DA:921,0
DA:922,0
DA:923,0
DA:925,0
DA:926,0
DA:932,0
DA:933,0
DA:935,0
DA:943,0
DA:944,0
DA:954,0
DA:955,0
DA:956,0
DA:957,0
DA:958,0
DA:961,0
DA:962,0
DA:965,0
DA:966,0
DA:967,0
DA:968,0
DA:969,0
DA:971,0
DA:972,0
DA:973,0
DA:974,0
DA:975,0
DA:976,0
DA:977,0
DA:978,0
DA:979,0
DA:980,0
DA:981,0
DA:982,0
DA:983,0
DA:985,0
DA:986,0
DA:987,0
DA:989,0
DA:990,0
DA:991,0
DA:992,0
DA:993,0
DA:994,0
DA:995,0
DA:996,0
DA:997,0
DA:998,0
DA:1001,0
DA:1002,0
DA:1003,0
DA:1004,0
DA:1005,0
DA:1006,0
DA:1007,0
DA:1009,0
DA:1012,0
DA:1013,0
DA:1014,0
DA:1015,0
DA:1016,0
DA:1018,0
DA:1021,0
DA:1022,0
DA:1023,0
DA:1024,0
DA:1025,0
DA:1027,0
DA:1028,0
DA:1029,0
DA:1033,0
DA:1040,0
DA:1045,0
DA:1046,0
DA:1047,0
DA:1048,0
DA:1050,0
DA:1053,0
DA:1054,0
DA:1055,0
DA:1056,0
DA:1057,0
DA:1060,0
DA:1063,0
DA:1064,0
DA:1067,0
DA:1068,0
DA:1071,0
DA:1072,0
DA:1073,0
DA:1076,0
DA:1078,0
DA:1079,0
DA:1081,0
DA:1082,0
DA:1083,0
DA:1084,0
DA:1087,0
DA:1088,0
DA:1091,0
DA:1092,0
DA:1093,0
DA:1096,0
DA:1097,0
DA:1098,0
DA:1101,0
DA:1102,0
DA:1103,0
DA:1104,0
DA:1105,0
DA:1106,0
DA:1107,0
DA:1108,0
DA:1109,0
DA:1113,0
DA:1114,0
DA:1115,0
DA:1117,0
DA:1120,0
DA:1121,0
DA:1124,0
DA:1125,0
DA:1128,0
DA:1129,0
DA:1130,0
DA:1131,0
DA:1134,0
DA:1135,0
DA:1138,0
DA:1139,0
DA:1142,0
DA:1143,0
DA:1144,0
DA:1145,0
DA:1148,0
DA:1149,0
DA:1150,0
DA:1151,0
DA:1152,0
DA:1153,0
DA:1154,0
DA:1155,0
DA:1156,0
DA:1160,0
DA:1161,0
DA:1162,0
DA:1164,0
DA:1167,0
DA:1168,0
DA:1171,0
DA:1172,0
DA:1175,0
DA:1176,0
DA:1179,0
DA:1180,0
DA:1183,0
DA:1184,0
DA:1185,0
DA:1187,0
DA:1192,0
DA:1193,0
DA:1194,0
DA:1195,0
DA:1196,0
DA:1197,0
DA:1198,0
DA:1201,0
DA:1202,0
DA:1205,0
DA:1206,0
DA:1207,0
DA:1210,0
DA:1211,0
DA:1212,0
DA:1215,0
DA:1216,0
DA:1217,0
DA:1218,0
DA:1221,0
DA:1222,0
DA:1223,0
DA:1224,0
DA:1225,0
DA:1226,0
DA:1227,0
DA:1228,0
DA:1229,0
DA:1233,0
DA:1234,0
DA:1235,0
DA:1237,0
DA:1238,0
DA:1241,0
DA:1242,0
DA:1243,0
DA:1246,0
DA:1247,0
DA:1250,0
DA:1251,0
DA:1252,0
DA:1253,0
DA:1254,0
DA:1258,0
DA:1259,0
DA:1260,0
DA:1261,0
DA:1262,0
DA:1265,0
DA:1268,0
DA:1269,0
DA:1271,0
DA:1272,0
DA:1273,0
DA:1276,0
DA:1277,0
DA:1278,0
DA:1281,0
DA:1283,0
DA:1284,0
DA:1285,0
DA:1289,0
DA:1301,0
DA:1302,0
DA:1303,0
DA:1305,0
DA:1306,0
DA:1307,0
DA:1309,0
DA:1310,0
DA:1311,0
DA:1313,0
DA:1314,0
DA:1316,0
DA:1317,0
DA:1318,0
DA:1320,0
DA:1322,0
DA:1323,0
DA:1324,0
DA:1326,0
DA:1327,0
DA:1328,0
DA:1330,0
DA:1331,0
DA:1335,0
DA:1337,0
DA:1338,0
DA:1339,0
DA:1342,0
DA:1344,0
DA:1346,0
DA:1347,0
DA:1349,0
DA:1350,0
DA:1351,0
DA:1352,0
DA:1356,0
DA:1362,0
DA:1367,0
DA:1368,0
DA:1371,0
DA:1372,0
DA:1373,0
DA:1374,0
DA:1375,0
DA:1376,0
DA:1379,0
DA:1380,0
DA:1383,0
DA:1384,0
DA:1387,0
DA:1388,0
DA:1389,0
DA:1390,0
DA:1391,0
DA:1392,0
DA:1395,0
DA:1396,0
DA:1399,0
DA:1400,0
DA:1403,0
DA:1404,0
DA:1405,0
DA:1406,0
DA:1407,0
DA:1408,0
DA:1411,0
DA:1412,0
DA:1415,0
DA:1417,0
DA:1422,0
DA:1423,0
DA:1425,0
DA:1426,0
DA:1428,0
DA:1430,0
DA:1432,0
DA:1433,0
DA:1435,0
DA:1436,0
DA:1437,0
DA:1438,0
DA:1442,0
DA:1448,0
DA:1450,0
DA:1453,0
DA:1454,0
DA:1457,0
DA:1458,0
DA:1461,0
DA:1462,0
DA:1465,0
DA:1466,0
DA:1467,0
DA:1468,0
DA:1470,0
DA:1473,0
DA:1557,0
DA:1562,0
DA:1563,0
DA:1581,0
DA:1582,0
DA:1593,0
DA:1602,0
DA:1793,0
LF:385
LH:10
BRDA:966,0,0,0
BRDA:966,0,1,0
BRDA:990,1,0,0
BRDA:990,1,1,0
BRDA:991,2,0,0
BRDA:991,2,1,0
BRDA:992,3,0,0
BRDA:992,3,1,0
BRDA:993,4,0,0
BRDA:993,4,1,0
BRDA:994,5,0,0
BRDA:994,5,1,0
BRDA:995,6,0,0
BRDA:995,6,1,0
BRDA:996,7,0,0
BRDA:996,7,1,0
BRDA:997,8,0,0
BRDA:997,8,1,0
BRDA:998,9,0,0
BRDA:998,9,1,0
BRDA:1021,10,0,0
BRDA:1021,10,1,0
BRDA:1027,11,0,0
BRDA:1027,11,1,0
BRDA:1056,12,0,0
BRDA:1056,12,1,0
BRDA:1078,13,0,0
BRDA:1078,13,1,0
BRDA:1106,14,0,0
BRDA:1106,14,1,0
BRDA:1113,15,0,0
BRDA:1113,15,1,0
BRDA:1153,16,0,0
BRDA:1153,16,1,0
BRDA:1160,17,0,0
BRDA:1160,17,1,0
BRDA:1184,18,0,0
BRDA:1184,18,1,0
BRDA:1226,19,0,0
BRDA:1226,19,1,0
BRDA:1233,20,0,0
BRDA:1233,20,1,0
BRDA:1268,21,0,0
BRDA:1268,21,1,0
BRDA:1283,22,0,0
BRDA:1283,22,1,0
BRDA:1303,23,0,0
BRDA:1303,23,1,0
BRDA:1303,23,2,0
BRDA:1303,23,3,0
BRDA:1303,23,4,0
BRDA:1303,23,5,0
BRDA:1303,23,6,0
BRDA:1303,23,7,0
BRDA:1337,24,0,0
BRDA:1337,24,1,0
BRDA:1349,25,0,0
BRDA:1349,25,1,0
BRDA:1419,26,0,0
BRDA:1419,26,1,0
BRDA:1425,27,0,0
BRDA:1425,27,1,0
BRDA:1435,28,0,0
BRDA:1435,28,1,0
BRDA:1477,29,0,0
BRDA:1477,29,1,0
BRDA:1477,30,0,0
BRDA:1477,30,1,0
BRDA:1477,31,0,0
BRDA:1477,31,1,0
BRDA:1480,32,0,0
BRDA:1480,32,1,0
BRDA:1502,33,0,0
BRDA:1502,33,1,0
BRDA:1503,34,0,0
BRDA:1503,34,1,0
BRDA:1574,35,0,0
BRDA:1574,35,1,0
BRDA:1589,36,0,0
BRDA:1589,36,1,0
BRDA:1589,36,2,0
BRDA:1597,37,0,0
BRDA:1597,37,1,0
BRDA:1598,38,0,0
BRDA:1598,38,1,0
BRDA:1607,39,0,0
BRDA:1607,39,1,0
BRDA:1612,40,0,0
BRDA:1612,40,1,0
BRDA:1617,41,0,0
BRDA:1617,41,1,0
BRDA:1628,42,0,0
BRDA:1628,42,1,0
BRDA:1635,43,0,0
BRDA:1635,43,1,0
BRDA:1640,44,0,0
BRDA:1640,44,1,0
BRDA:1905,45,0,0
BRDA:1905,45,1,0
BRDA:1924,46,0,0
BRDA:1924,46,1,0
BRDA:1933,47,0,0
BRDA:1933,47,1,0
BRF:103
BRH:0
end_of_record
TN:
SF:src/pages/intro/Intro.js
FN:8,(anonymous_0)
FN:12,(anonymous_1)
FNF:2
FNH:0
FNDA:0,(anonymous_0)
FNDA:0,(anonymous_1)
DA:8,1
DA:10,0
DA:12,0
DA:13,0
DA:16,0
LF:5
LH:1
BRF:0
BRH:0
end_of_record
TN:
SF:src/pages/login/Login.js
FN:6,(anonymous_0)
FN:9,(anonymous_1)
FN:12,(anonymous_2)
FN:15,(anonymous_3)
FN:20,(anonymous_4)
FN:23,(anonymous_5)
FN:27,(anonymous_6)
FNF:7
FNH:1
FNDA:1,(anonymous_0)
FNDA:0,(anonymous_1)
FNDA:0,(anonymous_2)
FNDA:0,(anonymous_3)
FNDA:0,(anonymous_4)
FNDA:0,(anonymous_5)
FNDA:0,(anonymous_6)
DA:6,1
DA:7,1
DA:9,1
DA:10,0
DA:11,0
DA:13,0
DA:16,0
DA:20,1
DA:23,1
DA:24,0
DA:27,1
DA:28,0
DA:31,1
LF:13
LH:7
BRF:0
BRH:0
end_of_record
TN:
SF:src/pages/main/Main.js
FN:8,(anonymous_0)
FN:21,(anonymous_1)
FN:26,(anonymous_2)
FN:34,(anonymous_3)
FN:39,(anonymous_4)
FN:43,(anonymous_5)
FN:47,(anonymous_6)
FN:50,(anonymous_7)
FN:55,(anonymous_8)
FN:59,(anonymous_9)
FN:62,(anonymous_10)
FN:68,(anonymous_11)
FN:70,(anonymous_12)
FN:78,(anonymous_13)
FN:84,(anonymous_14)
FN:89,(anonymous_15)
FN:93,(anonymous_16)
FN:96,(anonymous_17)
FN:104,(anonymous_18)
FN:106,(anonymous_19)
FN:115,(anonymous_20)
FN:120,(anonymous_21)
FN:145,(anonymous_22)
FN:147,(anonymous_23)
FNF:24
FNH:0
FNDA:0,(anonymous_0)
FNDA:0,(anonymous_1)
FNDA:0,(anonymous_2)
FNDA:0,(anonymous_3)
FNDA:0,(anonymous_4)
FNDA:0,(anonymous_5)
FNDA:0,(anonymous_6)
FNDA:0,(anonymous_7)
FNDA:0,(anonymous_8)
FNDA:0,(anonymous_9)
FNDA:0,(anonymous_10)
FNDA:0,(anonymous_11)
FNDA:0,(anonymous_12)
FNDA:0,(anonymous_13)
FNDA:0,(anonymous_14)
FNDA:0,(anonymous_15)
FNDA:0,(anonymous_16)
FNDA:0,(anonymous_17)
FNDA:0,(anonymous_18)
FNDA:0,(anonymous_19)
FNDA:0,(anonymous_20)
FNDA:0,(anonymous_21)
FNDA:0,(anonymous_22)
FNDA:0,(anonymous_23)
DA:6,1
DA:8,1
DA:9,0
DA:10,0
DA:11,0
DA:12,0
DA:13,0
DA:14,0
DA:15,0
DA:16,0
DA:17,0
DA:18,0
DA:19,0
DA:21,0
DA:22,0
DA:23,0
DA:24,0
DA:25,0
DA:27,0
DA:28,0
DA:29,0
DA:30,0
DA:32,0
DA:35,0
DA:39,0
DA:40,0
DA:43,0
DA:45,0
DA:46,0
DA:48,0
DA:51,0
DA:55,0
DA:56,0
DA:59,0
DA:60,0
DA:61,0
DA:63,0
DA:64,0
DA:66,0
DA:67,0
DA:68,0
DA:69,0
DA:72,0
DA:73,0
DA:74,0
DA:79,0
DA:85,0
DA:89,0
DA:90,0
DA:93,0
DA:94,0
DA:95,0
DA:98,0
DA:99,0
DA:100,0
DA:103,0
DA:104,0
DA:105,0
DA:109,0
DA:110,0
DA:111,0
DA:116,0
DA:121,0
DA:125,0
DA:146,0
DA:147,0
LF:66
LH:2
BRDA:63,0,0,0
BRDA:63,0,1,0
BRDA:72,1,0,0
BRDA:72,1,1,0
BRDA:109,2,0,0
BRDA:109,2,1,0
BRF:6
BRH:0
end_of_record
TN:
SF:src/pages/placement/Placement.js
FN:7,(anonymous_0)
FN:700,(anonymous_1)
FN:710,(anonymous_2)
FN:733,(anonymous_3)
FN:737,(anonymous_4)
FN:741,(anonymous_5)
FN:758,(anonymous_6)
FN:763,(anonymous_7)
FN:765,(anonymous_8)
FN:774,(anonymous_9)
FN:779,(anonymous_10)
FN:830,(anonymous_11)
FNF:12
FNH:0
FNDA:0,(anonymous_0)
FNDA:0,(anonymous_1)
FNDA:0,(anonymous_2)
FNDA:0,(anonymous_3)
FNDA:0,(anonymous_4)
FNDA:0,(anonymous_5)
FNDA:0,(anonymous_6)
FNDA:0,(anonymous_7)
FNDA:0,(anonymous_8)
FNDA:0,(anonymous_9)
FNDA:0,(anonymous_10)
FNDA:0,(anonymous_11)
DA:7,1
DA:8,0
DA:9,0
DA:10,0
DA:11,0
DA:12,0
DA:13,0
DA:14,0
DA:15,0
DA:16,0
DA:17,0
DA:18,0
DA:401,0
DA:695,0
DA:696,0
DA:697,0
DA:700,0
DA:701,0
DA:702,0
DA:703,0
DA:704,0
DA:706,0
DA:707,0
DA:708,0
DA:709,0
DA:712,0
DA:713,0
DA:714,0
DA:715,0
DA:717,0
DA:720,0
DA:723,0
DA:724,0
DA:725,0
DA:726,0
DA:727,0
DA:730,0
DA:737,0
DA:738,0
DA:741,0
DA:742,0
DA:743,0
DA:744,0
DA:745,0
DA:746,0
DA:747,0
DA:748,0
DA:749,0
DA:751,0
DA:752,0
DA:753,0
DA:754,0
DA:756,0
DA:757,0
DA:761,0
DA:762,0
DA:763,0
DA:764,0
DA:767,0
DA:768,0
DA:769,0
DA:770,0
DA:775,0
DA:780,0
DA:784,0
DA:831,0
LF:66
LH:1
BRDA:726,0,0,0
BRDA:726,0,1,0
BRDA:751,1,0,0
BRDA:751,1,1,0
BRDA:767,2,0,0
BRDA:767,2,1,0
BRDA:806,3,0,0
BRDA:806,3,1,0
BRF:8
BRH:0
end_of_record
TN:
SF:src/pages/register/Register.js
FN:6,(anonymous_0)
FN:9,(anonymous_1)
FN:12,(anonymous_2)
FN:15,(anonymous_3)
FN:20,(anonymous_4)
FN:23,(anonymous_5)
FNF:6
FNH:0
FNDA:0,(anonymous_0)
FNDA:0,(anonymous_1)
FNDA:0,(anonymous_2)
FNDA:0,(anonymous_3)
FNDA:0,(anonymous_4)
FNDA:0,(anonymous_5)
DA:6,1
DA:7,0
DA:9,0
DA:10,0
DA:11,0
DA:13,0
DA:16,0
DA:20,0
DA:23,0
DA:24,0
DA:27,0
LF:11
LH:1
BRF:0
BRH:0
end_of_record
